<?xml version="1.0" encoding="utf-8"?><testsuites name="pytest tests"><testsuite name="pytest" errors="0" failures="0" skipped="0" tests="506" time="2.171" timestamp="2026-07-18T08:16:53.143549+02:00" hostname="mbp.home"><testcase classname="tests.test_endpoints.test_system_section.TestHappyPathSystemSection" name="test_get_positions" time="0.008" /><testcase classname="tests.test_api.TestKebaKeEnergyAPI" name="test_api" time="0.003" /><testcase classname="tests.test_api.TestKebaKeEnergyAPI" name="test_api_with_session" time="0.002" /><testcase classname="tests.test_api.TestKebaKeEnergyAPI" name="test_api_with_basic_auth" time="0.002" /><testcase classname="tests.test_api.TestKebaKeEnergyAPI" name="test_read_data[section0-1-None-payload0-None-[{&quot;name&quot;: &quot;APPL.CtrlAppl.sParam.options.systemNumberOfHotWaterTanks&quot;, &quot;attr&quot;: &quot;1&quot;}, {&quot;name&quot;: &quot;APPL.CtrlAppl.sParam.hotWaterTank[0].topTemp.values.actValue&quot;, &quot;attr&quot;: &quot;1&quot;}, {&quot;name&quot;: &quot;APPL.CtrlAppl.sParam.extHeatSource[0].values.setTemp&quot;, &quot;attr&quot;: &quot;1&quot;}, {&quot;name&quot;: &quot;APPL.CtrlAppl.sParam.passivecooling[0].TempCoolPassive.values.actValue&quot;, &quot;attr&quot;: &quot;1&quot;}, {&quot;name&quot;: &quot;APPL.CtrlAppl.sParam.photovoltaics.ElectricEnergyMeter.values.accumulatedHeat&quot;, &quot;attr&quot;: &quot;1&quot;}]-None-expected_response0]" time="0.004" /><testcase classname="tests.test_api.TestKebaKeEnergyAPI" name="test_read_data[section1-position1-None-payload1-None-[{&quot;name&quot;: &quot;APPL.CtrlAppl.sParam.heatCircuit[0].values.setValue&quot;, &quot;attr&quot;: &quot;1&quot;}, {&quot;name&quot;: &quot;APPL.CtrlAppl.sParam.heatCircuit[2].values.setValue&quot;, &quot;attr&quot;: &quot;1&quot;}, {&quot;name&quot;: &quot;APPL.CtrlAppl.sParam.heatpump[0].TempHeatFlow.values.actValue&quot;, &quot;attr&quot;: &quot;1&quot;}, {&quot;name&quot;: &quot;APPL.CtrlAppl.sParam.heatpump[2].TempHeatFlow.values.actValue&quot;, &quot;attr&quot;: &quot;1&quot;}]-None-expected_response1]" time="0.003" /><testcase classname="tests.test_api.TestKebaKeEnergyAPI" name="test_read_data[section2-None-option_payload2-payload2-extra_attributes_payload2-[{&quot;name&quot;: &quot;APPL.CtrlAppl.sParam.outdoorTemp.values.actValue&quot;, &quot;attr&quot;: &quot;1&quot;}, {&quot;name&quot;: &quot;APPL.CtrlAppl.sParam.heatCircuit[0].values.setValue&quot;, &quot;attr&quot;: &quot;1&quot;}, {&quot;name&quot;: &quot;APPL.CtrlAppl.sParam.heatCircuit[0].param.linTab.fileName&quot;, &quot;attr&quot;: &quot;1&quot;}, {&quot;name&quot;: &quot;APPL.CtrlAppl.sParam.heatpump[0].TempHeatFlow.values.actValue&quot;, &quot;attr&quot;: &quot;1&quot;}, {&quot;name&quot;: &quot;APPL.CtrlAppl.sParam.heatpump[1].TempHeatFlow.values.actValue&quot;, &quot;attr&quot;: &quot;1&quot;}, {&quot;name&quot;: &quot;APPL.CtrlAppl.sParam.passivecooling[0].TempCoolPassive.values.actValue&quot;, &quot;attr&quot;: &quot;1&quot;}, {&quot;name&quot;: &quot;APPL.CtrlAppl.sParam.passivecooling[1].TempCoolPassive.values.actValue&quot;, &quot;attr&quot;: &quot;1&quot;}, {&quot;name&quot;: &quot;APPL.CtrlAppl.sParam.switchvalve[0].values.actPosition&quot;, &quot;attr&quot;: &quot;1&quot;}]-[{&quot;name&quot;: &quot;APPL.CtrlAppl.sParam.linTabPool[0].name&quot;, &quot;attr&quot;: &quot;1&quot;}, {&quot;name&quot;: &quot;APPL.CtrlAppl.sParam.linTabPool[0].noOfPoints&quot;, &quot;attr&quot;: &quot;1&quot;}, {&quot;name&quot;: &quot;APPL.CtrlAppl.sParam.linTabPool[0].points[0].x&quot;, &quot;attr&quot;: &quot;1&quot;}, {&quot;name&quot;: &quot;APPL.CtrlAppl.sParam.linTabPool[0].points[0].y&quot;, &quot;attr&quot;: &quot;1&quot;}, {&quot;name&quot;: &quot;APPL.CtrlAppl.sParam.linTabPool[0].points[1].x&quot;, &quot;attr&quot;: &quot;1&quot;}, {&quot;name&quot;: &quot;APPL.CtrlAppl.sParam.linTabPool[0].points[1].y&quot;, &quot;attr&quot;: &quot;1&quot;}, {&quot;name&quot;: &quot;APPL.CtrlAppl.sParam.linTabPool[0].points[2].x&quot;, &quot;attr&quot;: &quot;1&quot;}, {&quot;name&quot;: &quot;APPL.CtrlAppl.sParam.linTabPool[0].points[2].y&quot;, &quot;attr&quot;: &quot;1&quot;}, {&quot;name&quot;: &quot;APPL.CtrlAppl.sParam.linTabPool[0].points[3].x&quot;, &quot;attr&quot;: &quot;1&quot;}, {&quot;name&quot;: &quot;APPL.CtrlAppl.sParam.linTabPool[0].points[3].y&quot;, &quot;attr&quot;: &quot;1&quot;}, {&quot;name&quot;: &quot;APPL.CtrlAppl.sParam.linTabPool[0].points[4].x&quot;, &quot;attr&quot;: &quot;1&quot;}, {&quot;name&quot;: &quot;APPL.CtrlAppl.sParam.linTabPool[0].points[4].y&quot;, &quot;attr&quot;: &quot;1&quot;}, {&quot;name&quot;: &quot;APPL.CtrlAppl.sParam.linTabPool[0].points[5].x&quot;, &quot;attr&quot;: &quot;1&quot;}, {&quot;name&quot;: &quot;APPL.CtrlAppl.sParam.linTabPool[0].points[5].y&quot;, &quot;attr&quot;: &quot;1&quot;}, {&quot;name&quot;: &quot;APPL.CtrlAppl.sParam.linTabPool[0].points[6].x&quot;, &quot;attr&quot;: &quot;1&quot;}, {&quot;name&quot;: &quot;APPL.CtrlAppl.sParam.linTabPool[0].points[6].y&quot;, &quot;attr&quot;: &quot;1&quot;}, {&quot;name&quot;: &quot;APPL.CtrlAppl.sParam.linTabPool[0].points[7].x&quot;, &quot;attr&quot;: &quot;1&quot;}, {&quot;name&quot;: &quot;APPL.CtrlAppl.sParam.linTabPool[0].points[7].y&quot;, &quot;attr&quot;: &quot;1&quot;}, {&quot;name&quot;: &quot;APPL.CtrlAppl.sParam.linTabPool[0].points[8].x&quot;, &quot;attr&quot;: &quot;1&quot;}, {&quot;name&quot;: &quot;APPL.CtrlAppl.sParam.linTabPool[0].points[8].y&quot;, &quot;attr&quot;: &quot;1&quot;}, {&quot;name&quot;: &quot;APPL.CtrlAppl.sParam.linTabPool[0].points[9].x&quot;, &quot;attr&quot;: &quot;1&quot;}, {&quot;name&quot;: &quot;APPL.CtrlAppl.sParam.linTabPool[0].points[9].y&quot;, &quot;attr&quot;: &quot;1&quot;}, {&quot;name&quot;: &quot;APPL.CtrlAppl.sParam.linTabPool[0].points[10].x&quot;, &quot;attr&quot;: &quot;1&quot;}, {&quot;name&quot;: &quot;APPL.CtrlAppl.sParam.linTabPool[0].points[10].y&quot;, &quot;attr&quot;: &quot;1&quot;}, {&quot;name&quot;: &quot;APPL.CtrlAppl.sParam.linTabPool[0].points[11].x&quot;, &quot;attr&quot;: &quot;1&quot;}, {&quot;name&quot;: &quot;APPL.CtrlAppl.sParam.linTabPool[0].points[11].y&quot;, &quot;attr&quot;: &quot;1&quot;}, {&quot;name&quot;: &quot;APPL.CtrlAppl.sParam.linTabPool[0].points[12].x&quot;, &quot;attr&quot;: &quot;1&quot;}, {&quot;name&quot;: &quot;APPL.CtrlAppl.sParam.linTabPool[0].points[12].y&quot;, &quot;attr&quot;: &quot;1&quot;}, {&quot;name&quot;: &quot;APPL.CtrlAppl.sParam.linTabPool[0].points[13].x&quot;, &quot;attr&quot;: &quot;1&quot;}, {&quot;name&quot;: &quot;APPL.CtrlAppl.sParam.linTabPool[0].points[13].y&quot;, &quot;attr&quot;: &quot;1&quot;}, {&quot;name&quot;: &quot;APPL.CtrlAppl.sParam.linTabPool[0].points[14].x&quot;, &quot;attr&quot;: &quot;1&quot;}, {&quot;name&quot;: &quot;APPL.CtrlAppl.sParam.linTabPool[0].points[14].y&quot;, &quot;attr&quot;: &quot;1&quot;}, {&quot;name&quot;: &quot;APPL.CtrlAppl.sParam.linTabPool[0].points[15].x&quot;, &quot;attr&quot;: &quot;1&quot;}, {&quot;name&quot;: &quot;APPL.CtrlAppl.sParam.linTabPool[0].points[15].y&quot;, &quot;attr&quot;: &quot;1&quot;}, {&quot;name&quot;: &quot;APPL.CtrlAppl.sParam.linTabPool[1].name&quot;, &quot;attr&quot;: &quot;1&quot;}, {&quot;name&quot;: &quot;APPL.CtrlAppl.sParam.linTabPool[1].noOfPoints&quot;, &quot;attr&quot;: &quot;1&quot;}, {&quot;name&quot;: &quot;APPL.CtrlAppl.sParam.linTabPool[1].points[0].x&quot;, &quot;attr&quot;: &quot;1&quot;}, {&quot;name&quot;: &quot;APPL.CtrlAppl.sParam.linTabPool[1].points[0].y&quot;, &quot;attr&quot;: &quot;1&quot;}, {&quot;name&quot;: &quot;APPL.CtrlAppl.sParam.linTabPool[1].points[1].x&quot;, &quot;attr&quot;: &quot;1&quot;}, {&quot;name&quot;: &quot;APPL.CtrlAppl.sParam.linTabPool[1].points[1].y&quot;, &quot;attr&quot;: &quot;1&quot;}, {&quot;name&quot;: &quot;APPL.CtrlAppl.sParam.linTabPool[1].points[2].x&quot;, &quot;attr&quot;: &quot;1&quot;}, {&quot;name&quot;: &quot;APPL.CtrlAppl.sParam.linTabPool[1].points[2].y&quot;, &quot;attr&quot;: &quot;1&quot;}, {&quot;name&quot;: &quot;APPL.CtrlAppl.sParam.linTabPool[1].points[3].x&quot;, &quot;attr&quot;: &quot;1&quot;}, {&quot;name&quot;: &quot;APPL.CtrlAppl.sParam.linTabPool[1].points[3].y&quot;, &quot;attr&quot;: &quot;1&quot;}, {&quot;name&quot;: &quot;APPL.CtrlAppl.sParam.linTabPool[1].points[4].x&quot;, &quot;attr&quot;: &quot;1&quot;}, {&quot;name&quot;: &quot;APPL.CtrlAppl.sParam.linTabPool[1].points[4].y&quot;, &quot;attr&quot;: &quot;1&quot;}, {&quot;name&quot;: &quot;APPL.CtrlAppl.sParam.linTabPool[1].points[5].x&quot;, &quot;attr&quot;: &quot;1&quot;}, {&quot;name&quot;: &quot;APPL.CtrlAppl.sParam.linTabPool[1].points[5].y&quot;, &quot;attr&quot;: &quot;1&quot;}, {&quot;name&quot;: &quot;APPL.CtrlAppl.sParam.linTabPool[1].points[6].x&quot;, &quot;attr&quot;: &quot;1&quot;}, {&quot;name&quot;: &quot;APPL.CtrlAppl.sParam.linTabPool[1].points[6].y&quot;, &quot;attr&quot;: &quot;1&quot;}, {&quot;name&quot;: &quot;APPL.CtrlAppl.sParam.linTabPool[1].points[7].x&quot;, &quot;attr&quot;: &quot;1&quot;}, {&quot;name&quot;: &quot;APPL.CtrlAppl.sParam.linTabPool[1].points[7].y&quot;, &quot;attr&quot;: &quot;1&quot;}, {&quot;name&quot;: &quot;APPL.CtrlAppl.sParam.linTabPool[1].points[8].x&quot;, &quot;attr&quot;: &quot;1&quot;}, {&quot;name&quot;: &quot;APPL.CtrlAppl.sParam.linTabPool[1].points[8].y&quot;, &quot;attr&quot;: &quot;1&quot;}, {&quot;name&quot;: &quot;APPL.CtrlAppl.sParam.linTabPool[1].points[9].x&quot;, &quot;attr&quot;: &quot;1&quot;}, {&quot;name&quot;: &quot;APPL.CtrlAppl.sParam.linTabPool[1].points[9].y&quot;, &quot;attr&quot;: &quot;1&quot;}, {&quot;name&quot;: &quot;APPL.CtrlAppl.sParam.linTabPool[1].points[10].x&quot;, &quot;attr&quot;: &quot;1&quot;}, {&quot;name&quot;: &quot;APPL.CtrlAppl.sParam.linTabPool[1].points[10].y&quot;, &quot;attr&quot;: &quot;1&quot;}, {&quot;name&quot;: &quot;APPL.CtrlAppl.sParam.linTabPool[1].points[11].x&quot;, &quot;attr&quot;: &quot;1&quot;}, {&quot;name&quot;: &quot;APPL.CtrlAppl.sParam.linTabPool[1].points[11].y&quot;, &quot;attr&quot;: &quot;1&quot;}, {&quot;name&quot;: &quot;APPL.CtrlAppl.sParam.linTabPool[1].points[12].x&quot;, &quot;attr&quot;: &quot;1&quot;}, {&quot;name&quot;: &quot;APPL.CtrlAppl.sParam.linTabPool[1].points[12].y&quot;, &quot;attr&quot;: &quot;1&quot;}, {&quot;name&quot;: &quot;APPL.CtrlAppl.sParam.linTabPool[1].points[13].x&quot;, &quot;attr&quot;: &quot;1&quot;}, {&quot;name&quot;: &quot;APPL.CtrlAppl.sParam.linTabPool[1].points[13].y&quot;, &quot;attr&quot;: &quot;1&quot;}, {&quot;name&quot;: &quot;APPL.CtrlAppl.sParam.linTabPool[1].points[14].x&quot;, &quot;attr&quot;: &quot;1&quot;}, {&quot;name&quot;: &quot;APPL.CtrlAppl.sParam.linTabPool[1].points[14].y&quot;, &quot;attr&quot;: &quot;1&quot;}, {&quot;name&quot;: &quot;APPL.CtrlAppl.sParam.linTabPool[1].points[15].x&quot;, &quot;attr&quot;: &quot;1&quot;}, {&quot;name&quot;: &quot;APPL.CtrlAppl.sParam.linTabPool[1].points[15].y&quot;, &quot;attr&quot;: &quot;1&quot;}, {&quot;name&quot;: &quot;APPL.CtrlAppl.sParam.linTabPool[2].name&quot;, &quot;attr&quot;: &quot;1&quot;}, {&quot;name&quot;: &quot;APPL.CtrlAppl.sParam.linTabPool[2].noOfPoints&quot;, &quot;attr&quot;: &quot;1&quot;}, {&quot;name&quot;: &quot;APPL.CtrlAppl.sParam.linTabPool[2].points[0].x&quot;, &quot;attr&quot;: &quot;1&quot;}, {&quot;name&quot;: &quot;APPL.CtrlAppl.sParam.linTabPool[2].points[0].y&quot;, &quot;attr&quot;: &quot;1&quot;}, {&quot;name&quot;: &quot;APPL.CtrlAppl.sParam.linTabPool[2].points[1].x&quot;, &quot;attr&quot;: &quot;1&quot;}, {&quot;name&quot;: &quot;APPL.CtrlAppl.sParam.linTabPool[2].points[1].y&quot;, &quot;attr&quot;: &quot;1&quot;}, {&quot;name&quot;: &quot;APPL.CtrlAppl.sParam.linTabPool[2].points[2].x&quot;, &quot;attr&quot;: &quot;1&quot;}, {&quot;name&quot;: &quot;APPL.CtrlAppl.sParam.linTabPool[2].points[2].y&quot;, &quot;attr&quot;: &quot;1&quot;}, {&quot;name&quot;: &quot;APPL.CtrlAppl.sParam.linTabPool[2].points[3].x&quot;, &quot;attr&quot;: &quot;1&quot;}, {&quot;name&quot;: &quot;APPL.CtrlAppl.sParam.linTabPool[2].points[3].y&quot;, &quot;attr&quot;: &quot;1&quot;}, {&quot;name&quot;: &quot;APPL.CtrlAppl.sParam.linTabPool[2].points[4].x&quot;, &quot;attr&quot;: &quot;1&quot;}, {&quot;name&quot;: &quot;APPL.CtrlAppl.sParam.linTabPool[2].points[4].y&quot;, &quot;attr&quot;: &quot;1&quot;}, {&quot;name&quot;: &quot;APPL.CtrlAppl.sParam.linTabPool[2].points[5].x&quot;, &quot;attr&quot;: &quot;1&quot;}, {&quot;name&quot;: &quot;APPL.CtrlAppl.sParam.linTabPool[2].points[5].y&quot;, &quot;attr&quot;: &quot;1&quot;}, {&quot;name&quot;: &quot;APPL.CtrlAppl.sParam.linTabPool[2].points[6].x&quot;, &quot;attr&quot;: &quot;1&quot;}, {&quot;name&quot;: &quot;APPL.CtrlAppl.sParam.linTabPool[2].points[6].y&quot;, &quot;attr&quot;: &quot;1&quot;}, {&quot;name&quot;: &quot;APPL.CtrlAppl.sParam.linTabPool[2].points[7].x&quot;, &quot;attr&quot;: &quot;1&quot;}, {&quot;name&quot;: &quot;APPL.CtrlAppl.sParam.linTabPool[2].points[7].y&quot;, &quot;attr&quot;: &quot;1&quot;}, {&quot;name&quot;: &quot;APPL.CtrlAppl.sParam.linTabPool[2].points[8].x&quot;, &quot;attr&quot;: &quot;1&quot;}, {&quot;name&quot;: &quot;APPL.CtrlAppl.sParam.linTabPool[2].points[8].y&quot;, &quot;attr&quot;: &quot;1&quot;}, {&quot;name&quot;: &quot;APPL.CtrlAppl.sParam.linTabPool[2].points[9].x&quot;, &quot;attr&quot;: &quot;1&quot;}, {&quot;name&quot;: &quot;APPL.CtrlAppl.sParam.linTabPool[2].points[9].y&quot;, &quot;attr&quot;: &quot;1&quot;}, {&quot;name&quot;: &quot;APPL.CtrlAppl.sParam.linTabPool[2].points[10].x&quot;, &quot;attr&quot;: &quot;1&quot;}, {&quot;name&quot;: &quot;APPL.CtrlAppl.sParam.linTabPool[2].points[10].y&quot;, &quot;attr&quot;: &quot;1&quot;}, {&quot;name&quot;: &quot;APPL.CtrlAppl.sParam.linTabPool[2].points[11].x&quot;, &quot;attr&quot;: &quot;1&quot;}, {&quot;name&quot;: &quot;APPL.CtrlAppl.sParam.linTabPool[2].points[11].y&quot;, &quot;attr&quot;: &quot;1&quot;}, {&quot;name&quot;: &quot;APPL.CtrlAppl.sParam.linTabPool[2].points[12].x&quot;, &quot;attr&quot;: &quot;1&quot;}, {&quot;name&quot;: &quot;APPL.CtrlAppl.sParam.linTabPool[2].points[12].y&quot;, &quot;attr&quot;: &quot;1&quot;}, {&quot;name&quot;: &quot;APPL.CtrlAppl.sParam.linTabPool[2].points[13].x&quot;, &quot;attr&quot;: &quot;1&quot;}, {&quot;name&quot;: &quot;APPL.CtrlAppl.sParam.linTabPool[2].points[13].y&quot;, &quot;attr&quot;: &quot;1&quot;}, {&quot;name&quot;: &quot;APPL.CtrlAppl.sParam.linTabPool[2].points[14].x&quot;, &quot;attr&quot;: &quot;1&quot;}, {&quot;name&quot;: &quot;APPL.CtrlAppl.sParam.linTabPool[2].points[14].y&quot;, &quot;attr&quot;: &quot;1&quot;}, {&quot;name&quot;: &quot;APPL.CtrlAppl.sParam.linTabPool[2].points[15].x&quot;, &quot;attr&quot;: &quot;1&quot;}, {&quot;name&quot;: &quot;APPL.CtrlAppl.sParam.linTabPool[2].points[15].y&quot;, &quot;attr&quot;: &quot;1&quot;}, {&quot;name&quot;: &quot;APPL.CtrlAppl.sParam.linTabPool[3].name&quot;, &quot;attr&quot;: &quot;1&quot;}, {&quot;name&quot;: &quot;APPL.CtrlAppl.sParam.linTabPool[3].noOfPoints&quot;, &quot;attr&quot;: &quot;1&quot;}, {&quot;name&quot;: &quot;APPL.CtrlAppl.sParam.linTabPool[3].points[0].x&quot;, &quot;attr&quot;: &quot;1&quot;}, {&quot;name&quot;: &quot;APPL.CtrlAppl.sParam.linTabPool[3].points[0].y&quot;, &quot;attr&quot;: &quot;1&quot;}, {&quot;name&quot;: &quot;APPL.CtrlAppl.sParam.linTabPool[3].points[1].x&quot;, &quot;attr&quot;: &quot;1&quot;}, {&quot;name&quot;: &quot;APPL.CtrlAppl.sParam.linTabPool[3].points[1].y&quot;, &quot;attr&quot;: &quot;1&quot;}, {&quot;name&quot;: &quot;APPL.CtrlAppl.sParam.linTabPool[3].points[2].x&quot;, &quot;attr&quot;: &quot;1&quot;}, {&quot;name&quot;: &quot;APPL.CtrlAppl.sParam.linTabPool[3].points[2].y&quot;, &quot;attr&quot;: &quot;1&quot;}, {&quot;name&quot;: &quot;APPL.CtrlAppl.sParam.linTabPool[3].points[3].x&quot;, &quot;attr&quot;: &quot;1&quot;}, {&quot;name&quot;: &quot;APPL.CtrlAppl.sParam.linTabPool[3].points[3].y&quot;, &quot;attr&quot;: &quot;1&quot;}, {&quot;name&quot;: &quot;APPL.CtrlAppl.sParam.linTabPool[3].points[4].x&quot;, &quot;attr&quot;: &quot;1&quot;}, {&quot;name&quot;: &quot;APPL.CtrlAppl.sParam.linTabPool[3].points[4].y&quot;, &quot;attr&quot;: &quot;1&quot;}, {&quot;name&quot;: &quot;APPL.CtrlAppl.sParam.linTabPool[3].points[5].x&quot;, &quot;attr&quot;: &quot;1&quot;}, {&quot;name&quot;: &quot;APPL.CtrlAppl.sParam.linTabPool[3].points[5].y&quot;, &quot;attr&quot;: &quot;1&quot;}, {&quot;name&quot;: &quot;APPL.CtrlAppl.sParam.linTabPool[3].points[6].x&quot;, &quot;attr&quot;: &quot;1&quot;}, {&quot;name&quot;: &quot;APPL.CtrlAppl.sParam.linTabPool[3].points[6].y&quot;, &quot;attr&quot;: &quot;1&quot;}, {&quot;name&quot;: &quot;APPL.CtrlAppl.sParam.linTabPool[3].points[7].x&quot;, &quot;attr&quot;: &quot;1&quot;}, {&quot;name&quot;: &quot;APPL.CtrlAppl.sParam.linTabPool[3].points[7].y&quot;, &quot;attr&quot;: &quot;1&quot;}, {&quot;name&quot;: &quot;APPL.CtrlAppl.sParam.linTabPool[3].points[8].x&quot;, &quot;attr&quot;: &quot;1&quot;}, {&quot;name&quot;: &quot;APPL.CtrlAppl.sParam.linTabPool[3].points[8].y&quot;, &quot;attr&quot;: &quot;1&quot;}, {&quot;name&quot;: &quot;APPL.CtrlAppl.sParam.linTabPool[3].points[9].x&quot;, &quot;attr&quot;: &quot;1&quot;}, {&quot;name&quot;: &quot;APPL.CtrlAppl.sParam.linTabPool[3].points[9].y&quot;, &quot;attr&quot;: &quot;1&quot;}, {&quot;name&quot;: &quot;APPL.CtrlAppl.sParam.linTabPool[3].points[10].x&quot;, &quot;attr&quot;: &quot;1&quot;}, {&quot;name&quot;: &quot;APPL.CtrlAppl.sParam.linTabPool[3].points[10].y&quot;, &quot;attr&quot;: &quot;1&quot;}, {&quot;name&quot;: &quot;APPL.CtrlAppl.sParam.linTabPool[3].points[11].x&quot;, &quot;attr&quot;: &quot;1&quot;}, {&quot;name&quot;: &quot;APPL.CtrlAppl.sParam.linTabPool[3].points[11].y&quot;, &quot;attr&quot;: &quot;1&quot;}, {&quot;name&quot;: &quot;APPL.CtrlAppl.sParam.linTabPool[3].points[12].x&quot;, &quot;attr&quot;: &quot;1&quot;}, {&quot;name&quot;: &quot;APPL.CtrlAppl.sParam.linTabPool[3].points[12].y&quot;, &quot;attr&quot;: &quot;1&quot;}, {&quot;name&quot;: &quot;APPL.CtrlAppl.sParam.linTabPool[3].points[13].x&quot;, &quot;attr&quot;: &quot;1&quot;}, {&quot;name&quot;: &quot;APPL.CtrlAppl.sParam.linTabPool[3].points[13].y&quot;, &quot;attr&quot;: &quot;1&quot;}, {&quot;name&quot;: &quot;APPL.CtrlAppl.sParam.linTabPool[3].points[14].x&quot;, &quot;attr&quot;: &quot;1&quot;}, {&quot;name&quot;: &quot;APPL.CtrlAppl.sParam.linTabPool[3].points[14].y&quot;, &quot;attr&quot;: &quot;1&quot;}, {&quot;name&quot;: &quot;APPL.CtrlAppl.sParam.linTabPool[3].points[15].x&quot;, &quot;attr&quot;: &quot;1&quot;}, {&quot;name&quot;: &quot;APPL.CtrlAppl.sParam.linTabPool[3].points[15].y&quot;, &quot;attr&quot;: &quot;1&quot;}, {&quot;name&quot;: &quot;APPL.CtrlAppl.sParam.linTabPool[4].name&quot;, &quot;attr&quot;: &quot;1&quot;}, {&quot;name&quot;: &quot;APPL.CtrlAppl.sParam.linTabPool[4].noOfPoints&quot;, &quot;attr&quot;: &quot;1&quot;}, {&quot;name&quot;: &quot;APPL.CtrlAppl.sParam.linTabPool[4].points[0].x&quot;, &quot;attr&quot;: &quot;1&quot;}, {&quot;name&quot;: &quot;APPL.CtrlAppl.sParam.linTabPool[4].points[0].y&quot;, &quot;attr&quot;: &quot;1&quot;}, {&quot;name&quot;: &quot;APPL.CtrlAppl.sParam.linTabPool[4].points[1].x&quot;, &quot;attr&quot;: &quot;1&quot;}, {&quot;name&quot;: &quot;APPL.CtrlAppl.sParam.linTabPool[4].points[1].y&quot;, &quot;attr&quot;: &quot;1&quot;}, {&quot;name&quot;: &quot;APPL.CtrlAppl.sParam.linTabPool[4].points[2].x&quot;, &quot;attr&quot;: &quot;1&quot;}, {&quot;name&quot;: &quot;APPL.CtrlAppl.sParam.linTabPool[4].points[2].y&quot;, &quot;attr&quot;: &quot;1&quot;}, {&quot;name&quot;: &quot;APPL.CtrlAppl.sParam.linTabPool[4].points[3].x&quot;, &quot;attr&quot;: &quot;1&quot;}, {&quot;name&quot;: &quot;APPL.CtrlAppl.sParam.linTabPool[4].points[3].y&quot;, &quot;attr&quot;: &quot;1&quot;}, {&quot;name&quot;: &quot;APPL.CtrlAppl.sParam.linTabPool[4].points[4].x&quot;, &quot;attr&quot;: &quot;1&quot;}, {&quot;name&quot;: &quot;APPL.CtrlAppl.sParam.linTabPool[4].points[4].y&quot;, &quot;attr&quot;: &quot;1&quot;}, {&quot;name&quot;: &quot;APPL.CtrlAppl.sParam.linTabPool[4].points[5].x&quot;, &quot;attr&quot;: &quot;1&quot;}, {&quot;name&quot;: &quot;APPL.CtrlAppl.sParam.linTabPool[4].points[5].y&quot;, &quot;attr&quot;: &quot;1&quot;}, {&quot;name&quot;: &quot;APPL.CtrlAppl.sParam.linTabPool[4].points[6].x&quot;, &quot;attr&quot;: &quot;1&quot;}, {&quot;name&quot;: &quot;APPL.CtrlAppl.sParam.linTabPool[4].points[6].y&quot;, &quot;attr&quot;: &quot;1&quot;}, {&quot;name&quot;: &quot;APPL.CtrlAppl.sParam.linTabPool[4].points[7].x&quot;, &quot;attr&quot;: &quot;1&quot;}, {&quot;name&quot;: &quot;APPL.CtrlAppl.sParam.linTabPool[4].points[7].y&quot;, &quot;attr&quot;: &quot;1&quot;}, {&quot;name&quot;: &quot;APPL.CtrlAppl.sParam.linTabPool[4].points[8].x&quot;, &quot;attr&quot;: &quot;1&quot;}, {&quot;name&quot;: &quot;APPL.CtrlAppl.sParam.linTabPool[4].points[8].y&quot;, &quot;attr&quot;: &quot;1&quot;}, {&quot;name&quot;: &quot;APPL.CtrlAppl.sParam.linTabPool[4].points[9].x&quot;, &quot;attr&quot;: &quot;1&quot;}, {&quot;name&quot;: &quot;APPL.CtrlAppl.sParam.linTabPool[4].points[9].y&quot;, &quot;attr&quot;: &quot;1&quot;}, {&quot;name&quot;: &quot;APPL.CtrlAppl.sParam.linTabPool[4].points[10].x&quot;, &quot;attr&quot;: &quot;1&quot;}, {&quot;name&quot;: &quot;APPL.CtrlAppl.sParam.linTabPool[4].points[10].y&quot;, &quot;attr&quot;: &quot;1&quot;}, {&quot;name&quot;: &quot;APPL.CtrlAppl.sParam.linTabPool[4].points[11].x&quot;, &quot;attr&quot;: &quot;1&quot;}, {&quot;name&quot;: &quot;APPL.CtrlAppl.sParam.linTabPool[4].points[11].y&quot;, &quot;attr&quot;: &quot;1&quot;}, {&quot;name&quot;: &quot;APPL.CtrlAppl.sParam.linTabPool[4].points[12].x&quot;, &quot;attr&quot;: &quot;1&quot;}, {&quot;name&quot;: &quot;APPL.CtrlAppl.sParam.linTabPool[4].points[12].y&quot;, &quot;attr&quot;: &quot;1&quot;}, {&quot;name&quot;: &quot;APPL.CtrlAppl.sParam.linTabPool[4].points[13].x&quot;, &quot;attr&quot;: &quot;1&quot;}, {&quot;name&quot;: &quot;APPL.CtrlAppl.sParam.linTabPool[4].points[13].y&quot;, &quot;attr&quot;: &quot;1&quot;}, {&quot;name&quot;: &quot;APPL.CtrlAppl.sParam.linTabPool[4].points[14].x&quot;, &quot;attr&quot;: &quot;1&quot;}, {&quot;name&quot;: &quot;APPL.CtrlAppl.sParam.linTabPool[4].points[14].y&quot;, &quot;attr&quot;: &quot;1&quot;}, {&quot;name&quot;: &quot;APPL.CtrlAppl.sParam.linTabPool[4].points[15].x&quot;, &quot;attr&quot;: &quot;1&quot;}, {&quot;name&quot;: &quot;APPL.CtrlAppl.sParam.linTabPool[4].points[15].y&quot;, &quot;attr&quot;: &quot;1&quot;}, {&quot;name&quot;: &quot;APPL.CtrlAppl.sParam.linTabPool[5].name&quot;, &quot;attr&quot;: &quot;1&quot;}, {&quot;name&quot;: &quot;APPL.CtrlAppl.sParam.linTabPool[5].noOfPoints&quot;, &quot;attr&quot;: &quot;1&quot;}, {&quot;name&quot;: &quot;APPL.CtrlAppl.sParam.linTabPool[5].points[0].x&quot;, &quot;attr&quot;: &quot;1&quot;}, {&quot;name&quot;: &quot;APPL.CtrlAppl.sParam.linTabPool[5].points[0].y&quot;, &quot;attr&quot;: &quot;1&quot;}, {&quot;name&quot;: &quot;APPL.CtrlAppl.sParam.linTabPool[5].points[1].x&quot;, &quot;attr&quot;: &quot;1&quot;}, {&quot;name&quot;: &quot;APPL.CtrlAppl.sParam.linTabPool[5].points[1].y&quot;, &quot;attr&quot;: &quot;1&quot;}, {&quot;name&quot;: &quot;APPL.CtrlAppl.sParam.linTabPool[5].points[2].x&quot;, &quot;attr&quot;: &quot;1&quot;}, {&quot;name&quot;: &quot;APPL.CtrlAppl.sParam.linTabPool[5].points[2].y&quot;, &quot;attr&quot;: &quot;1&quot;}, {&quot;name&quot;: &quot;APPL.CtrlAppl.sParam.linTabPool[5].points[3].x&quot;, &quot;attr&quot;: &quot;1&quot;}, {&quot;name&quot;: &quot;APPL.CtrlAppl.sParam.linTabPool[5].points[3].y&quot;, &quot;attr&quot;: &quot;1&quot;}, {&quot;name&quot;: &quot;APPL.CtrlAppl.sParam.linTabPool[5].points[4].x&quot;, &quot;attr&quot;: &quot;1&quot;}, {&quot;name&quot;: &quot;APPL.CtrlAppl.sParam.linTabPool[5].points[4].y&quot;, &quot;attr&quot;: &quot;1&quot;}, {&quot;name&quot;: &quot;APPL.CtrlAppl.sParam.linTabPool[5].points[5].x&quot;, &quot;attr&quot;: &quot;1&quot;}, {&quot;name&quot;: &quot;APPL.CtrlAppl.sParam.linTabPool[5].points[5].y&quot;, &quot;attr&quot;: &quot;1&quot;}, {&quot;name&quot;: &quot;APPL.CtrlAppl.sParam.linTabPool[5].points[6].x&quot;, &quot;attr&quot;: &quot;1&quot;}, {&quot;name&quot;: &quot;APPL.CtrlAppl.sParam.linTabPool[5].points[6].y&quot;, &quot;attr&quot;: &quot;1&quot;}, {&quot;name&quot;: &quot;APPL.CtrlAppl.sParam.linTabPool[5].points[7].x&quot;, &quot;attr&quot;: &quot;1&quot;}, {&quot;name&quot;: &quot;APPL.CtrlAppl.sParam.linTabPool[5].points[7].y&quot;, &quot;attr&quot;: &quot;1&quot;}, {&quot;name&quot;: &quot;APPL.CtrlAppl.sParam.linTabPool[5].points[8].x&quot;, &quot;attr&quot;: &quot;1&quot;}, {&quot;name&quot;: &quot;APPL.CtrlAppl.sParam.linTabPool[5].points[8].y&quot;, &quot;attr&quot;: &quot;1&quot;}, {&quot;name&quot;: &quot;APPL.CtrlAppl.sParam.linTabPool[5].points[9].x&quot;, &quot;attr&quot;: &quot;1&quot;}, {&quot;name&quot;: &quot;APPL.CtrlAppl.sParam.linTabPool[5].points[9].y&quot;, &quot;attr&quot;: &quot;1&quot;}, {&quot;name&quot;: &quot;APPL.CtrlAppl.sParam.linTabPool[5].points[10].x&quot;, &quot;attr&quot;: &quot;1&quot;}, {&quot;name&quot;: &quot;APPL.CtrlAppl.sParam.linTabPool[5].points[10].y&quot;, &quot;attr&quot;: &quot;1&quot;}, {&quot;name&quot;: &quot;APPL.CtrlAppl.sParam.linTabPool[5].points[11].x&quot;, &quot;attr&quot;: &quot;1&quot;}, {&quot;name&quot;: &quot;APPL.CtrlAppl.sParam.linTabPool[5].points[11].y&quot;, &quot;attr&quot;: &quot;1&quot;}, {&quot;name&quot;: &quot;APPL.CtrlAppl.sParam.linTabPool[5].points[12].x&quot;, &quot;attr&quot;: &quot;1&quot;}, {&quot;name&quot;: &quot;APPL.CtrlAppl.sParam.linTabPool[5].points[12].y&quot;, &quot;attr&quot;: &quot;1&quot;}, {&quot;name&quot;: &quot;APPL.CtrlAppl.sParam.linTabPool[5].points[13].x&quot;, &quot;attr&quot;: &quot;1&quot;}, {&quot;name&quot;: &quot;APPL.CtrlAppl.sParam.linTabPool[5].points[13].y&quot;, &quot;attr&quot;: &quot;1&quot;}, {&quot;name&quot;: &quot;APPL.CtrlAppl.sParam.linTabPool[5].points[14].x&quot;, &quot;attr&quot;: &quot;1&quot;}, {&quot;name&quot;: &quot;APPL.CtrlAppl.sParam.linTabPool[5].points[14].y&quot;, &quot;attr&quot;: &quot;1&quot;}, {&quot;name&quot;: &quot;APPL.CtrlAppl.sParam.linTabPool[5].points[15].x&quot;, &quot;attr&quot;: &quot;1&quot;}, {&quot;name&quot;: &quot;APPL.CtrlAppl.sParam.linTabPool[5].points[15].y&quot;, &quot;attr&quot;: &quot;1&quot;}, {&quot;name&quot;: &quot;APPL.CtrlAppl.sParam.linTabPool[6].name&quot;, &quot;attr&quot;: &quot;1&quot;}, {&quot;name&quot;: &quot;APPL.CtrlAppl.sParam.linTabPool[6].noOfPoints&quot;, &quot;attr&quot;: &quot;1&quot;}, {&quot;name&quot;: &quot;APPL.CtrlAppl.sParam.linTabPool[6].points[0].x&quot;, &quot;attr&quot;: &quot;1&quot;}, {&quot;name&quot;: &quot;APPL.CtrlAppl.sParam.linTabPool[6].points[0].y&quot;, &quot;attr&quot;: &quot;1&quot;}, {&quot;name&quot;: &quot;APPL.CtrlAppl.sParam.linTabPool[6].points[1].x&quot;, &quot;attr&quot;: &quot;1&quot;}, {&quot;name&quot;: &quot;APPL.CtrlAppl.sParam.linTabPool[6].points[1].y&quot;, &quot;attr&quot;: &quot;1&quot;}, {&quot;name&quot;: &quot;APPL.CtrlAppl.sParam.linTabPool[6].points[2].x&quot;, &quot;attr&quot;: &quot;1&quot;}, {&quot;name&quot;: &quot;APPL.CtrlAppl.sParam.linTabPool[6].points[2].y&quot;, &quot;attr&quot;: &quot;1&quot;}, {&quot;name&quot;: &quot;APPL.CtrlAppl.sParam.linTabPool[6].points[3].x&quot;, &quot;attr&quot;: &quot;1&quot;}, {&quot;name&quot;: &quot;APPL.CtrlAppl.sParam.linTabPool[6].points[3].y&quot;, &quot;attr&quot;: &quot;1&quot;}, {&quot;name&quot;: &quot;APPL.CtrlAppl.sParam.linTabPool[6].points[4].x&quot;, &quot;attr&quot;: &quot;1&quot;}, {&quot;name&quot;: &quot;APPL.CtrlAppl.sParam.linTabPool[6].points[4].y&quot;, &quot;attr&quot;: &quot;1&quot;}, {&quot;name&quot;: &quot;APPL.CtrlAppl.sParam.linTabPool[6].points[5].x&quot;, &quot;attr&quot;: &quot;1&quot;}, {&quot;name&quot;: &quot;APPL.CtrlAppl.sParam.linTabPool[6].points[5].y&quot;, &quot;attr&quot;: &quot;1&quot;}, {&quot;name&quot;: &quot;APPL.CtrlAppl.sParam.linTabPool[6].points[6].x&quot;, &quot;attr&quot;: &quot;1&quot;}, {&quot;name&quot;: &quot;APPL.CtrlAppl.sParam.linTabPool[6].points[6].y&quot;, &quot;attr&quot;: &quot;1&quot;}, {&quot;name&quot;: &quot;APPL.CtrlAppl.sParam.linTabPool[6].points[7].x&quot;, &quot;attr&quot;: &quot;1&quot;}, {&quot;name&quot;: &quot;APPL.CtrlAppl.sParam.linTabPool[6].points[7].y&quot;, &quot;attr&quot;: &quot;1&quot;}, {&quot;name&quot;: &quot;APPL.CtrlAppl.sParam.linTabPool[6].points[8].x&quot;, &quot;attr&quot;: &quot;1&quot;}, {&quot;name&quot;: &quot;APPL.CtrlAppl.sParam.linTabPool[6].points[8].y&quot;, &quot;attr&quot;: &quot;1&quot;}, {&quot;name&quot;: &quot;APPL.CtrlAppl.sParam.linTabPool[6].points[9].x&quot;, &quot;attr&quot;: &quot;1&quot;}, {&quot;name&quot;: &quot;APPL.CtrlAppl.sParam.linTabPool[6].points[9].y&quot;, &quot;attr&quot;: &quot;1&quot;}, {&quot;name&quot;: &quot;APPL.CtrlAppl.sParam.linTabPool[6].points[10].x&quot;, &quot;attr&quot;: &quot;1&quot;}, {&quot;name&quot;: &quot;APPL.CtrlAppl.sParam.linTabPool[6].points[10].y&quot;, &quot;attr&quot;: &quot;1&quot;}, {&quot;name&quot;: &quot;APPL.CtrlAppl.sParam.linTabPool[6].points[11].x&quot;, &quot;attr&quot;: &quot;1&quot;}, {&quot;name&quot;: &quot;APPL.CtrlAppl.sParam.linTabPool[6].points[11].y&quot;, &quot;attr&quot;: &quot;1&quot;}, {&quot;name&quot;: &quot;APPL.CtrlAppl.sParam.linTabPool[6].points[12].x&quot;, &quot;attr&quot;: &quot;1&quot;}, {&quot;name&quot;: &quot;APPL.CtrlAppl.sParam.linTabPool[6].points[12].y&quot;, &quot;attr&quot;: &quot;1&quot;}, {&quot;name&quot;: &quot;APPL.CtrlAppl.sParam.linTabPool[6].points[13].x&quot;, &quot;attr&quot;: &quot;1&quot;}, {&quot;name&quot;: &quot;APPL.CtrlAppl.sParam.linTabPool[6].points[13].y&quot;, &quot;attr&quot;: &quot;1&quot;}, {&quot;name&quot;: &quot;APPL.CtrlAppl.sParam.linTabPool[6].points[14].x&quot;, &quot;attr&quot;: &quot;1&quot;}, {&quot;name&quot;: &quot;APPL.CtrlAppl.sParam.linTabPool[6].points[14].y&quot;, &quot;attr&quot;: &quot;1&quot;}, {&quot;name&quot;: &quot;APPL.CtrlAppl.sParam.linTabPool[6].points[15].x&quot;, &quot;attr&quot;: &quot;1&quot;}, {&quot;name&quot;: &quot;APPL.CtrlAppl.sParam.linTabPool[6].points[15].y&quot;, &quot;attr&quot;: &quot;1&quot;}, {&quot;name&quot;: &quot;APPL.CtrlAppl.sParam.linTabPool[7].name&quot;, &quot;attr&quot;: &quot;1&quot;}, {&quot;name&quot;: &quot;APPL.CtrlAppl.sParam.linTabPool[7].noOfPoints&quot;, &quot;attr&quot;: &quot;1&quot;}, {&quot;name&quot;: &quot;APPL.CtrlAppl.sParam.linTabPool[7].points[0].x&quot;, &quot;attr&quot;: &quot;1&quot;}, {&quot;name&quot;: &quot;APPL.CtrlAppl.sParam.linTabPool[7].points[0].y&quot;, &quot;attr&quot;: &quot;1&quot;}, {&quot;name&quot;: &quot;APPL.CtrlAppl.sParam.linTabPool[7].points[1].x&quot;, &quot;attr&quot;: &quot;1&quot;}, {&quot;name&quot;: &quot;APPL.CtrlAppl.sParam.linTabPool[7].points[1].y&quot;, &quot;attr&quot;: &quot;1&quot;}, {&quot;name&quot;: &quot;APPL.CtrlAppl.sParam.linTabPool[7].points[2].x&quot;, &quot;attr&quot;: &quot;1&quot;}, {&quot;name&quot;: &quot;APPL.CtrlAppl.sParam.linTabPool[7].points[2].y&quot;, &quot;attr&quot;: &quot;1&quot;}, {&quot;name&quot;: &quot;APPL.CtrlAppl.sParam.linTabPool[7].points[3].x&quot;, &quot;attr&quot;: &quot;1&quot;}, {&quot;name&quot;: &quot;APPL.CtrlAppl.sParam.linTabPool[7].points[3].y&quot;, &quot;attr&quot;: &quot;1&quot;}, {&quot;name&quot;: &quot;APPL.CtrlAppl.sParam.linTabPool[7].points[4].x&quot;, &quot;attr&quot;: &quot;1&quot;}, {&quot;name&quot;: &quot;APPL.CtrlAppl.sParam.linTabPool[7].points[4].y&quot;, &quot;attr&quot;: &quot;1&quot;}, {&quot;name&quot;: &quot;APPL.CtrlAppl.sParam.linTabPool[7].points[5].x&quot;, &quot;attr&quot;: &quot;1&quot;}, {&quot;name&quot;: &quot;APPL.CtrlAppl.sParam.linTabPool[7].points[5].y&quot;, &quot;attr&quot;: &quot;1&quot;}, {&quot;name&quot;: &quot;APPL.CtrlAppl.sParam.linTabPool[7].points[6].x&quot;, &quot;attr&quot;: &quot;1&quot;}, {&quot;name&quot;: &quot;APPL.CtrlAppl.sParam.linTabPool[7].points[6].y&quot;, &quot;attr&quot;: &quot;1&quot;}, {&quot;name&quot;: &quot;APPL.CtrlAppl.sParam.linTabPool[7].points[7].x&quot;, &quot;attr&quot;: &quot;1&quot;}, {&quot;name&quot;: &quot;APPL.CtrlAppl.sParam.linTabPool[7].points[7].y&quot;, &quot;attr&quot;: &quot;1&quot;}, {&quot;name&quot;: &quot;APPL.CtrlAppl.sParam.linTabPool[7].points[8].x&quot;, &quot;attr&quot;: &quot;1&quot;}, {&quot;name&quot;: &quot;APPL.CtrlAppl.sParam.linTabPool[7].points[8].y&quot;, &quot;attr&quot;: &quot;1&quot;}, {&quot;name&quot;: &quot;APPL.CtrlAppl.sParam.linTabPool[7].points[9].x&quot;, &quot;attr&quot;: &quot;1&quot;}, {&quot;name&quot;: &quot;APPL.CtrlAppl.sParam.linTabPool[7].points[9].y&quot;, &quot;attr&quot;: &quot;1&quot;}, {&quot;name&quot;: &quot;APPL.CtrlAppl.sParam.linTabPool[7].points[10].x&quot;, &quot;attr&quot;: &quot;1&quot;}, {&quot;name&quot;: &quot;APPL.CtrlAppl.sParam.linTabPool[7].points[10].y&quot;, &quot;attr&quot;: &quot;1&quot;}, {&quot;name&quot;: &quot;APPL.CtrlAppl.sParam.linTabPool[7].points[11].x&quot;, &quot;attr&quot;: &quot;1&quot;}, {&quot;name&quot;: &quot;APPL.CtrlAppl.sParam.linTabPool[7].points[11].y&quot;, &quot;attr&quot;: &quot;1&quot;}, {&quot;name&quot;: &quot;APPL.CtrlAppl.sParam.linTabPool[7].points[12].x&quot;, &quot;attr&quot;: &quot;1&quot;}, {&quot;name&quot;: &quot;APPL.CtrlAppl.sParam.linTabPool[7].points[12].y&quot;, &quot;attr&quot;: &quot;1&quot;}, {&quot;name&quot;: &quot;APPL.CtrlAppl.sParam.linTabPool[7].points[13].x&quot;, &quot;attr&quot;: &quot;1&quot;}, {&quot;name&quot;: &quot;APPL.CtrlAppl.sParam.linTabPool[7].points[13].y&quot;, &quot;attr&quot;: &quot;1&quot;}, {&quot;name&quot;: &quot;APPL.CtrlAppl.sParam.linTabPool[7].points[14].x&quot;, &quot;attr&quot;: &quot;1&quot;}, {&quot;name&quot;: &quot;APPL.CtrlAppl.sParam.linTabPool[7].points[14].y&quot;, &quot;attr&quot;: &quot;1&quot;}, {&quot;name&quot;: &quot;APPL.CtrlAppl.sParam.linTabPool[7].points[15].x&quot;, &quot;attr&quot;: &quot;1&quot;}, {&quot;name&quot;: &quot;APPL.CtrlAppl.sParam.linTabPool[7].points[15].y&quot;, &quot;attr&quot;: &quot;1&quot;}, {&quot;name&quot;: &quot;APPL.CtrlAppl.sParam.linTabPool[12].name&quot;, &quot;attr&quot;: &quot;1&quot;}, {&quot;name&quot;: &quot;APPL.CtrlAppl.sParam.linTabPool[12].noOfPoints&quot;, &quot;attr&quot;: &quot;1&quot;}, {&quot;name&quot;: &quot;APPL.CtrlAppl.sParam.linTabPool[12].points[0].x&quot;, &quot;attr&quot;: &quot;1&quot;}, {&quot;name&quot;: &quot;APPL.CtrlAppl.sParam.linTabPool[12].points[0].y&quot;, &quot;attr&quot;: &quot;1&quot;}, {&quot;name&quot;: &quot;APPL.CtrlAppl.sParam.linTabPool[12].points[1].x&quot;, &quot;attr&quot;: &quot;1&quot;}, {&quot;name&quot;: &quot;APPL.CtrlAppl.sParam.linTabPool[12].points[1].y&quot;, &quot;attr&quot;: &quot;1&quot;}, {&quot;name&quot;: &quot;APPL.CtrlAppl.sParam.linTabPool[12].points[2].x&quot;, &quot;attr&quot;: &quot;1&quot;}, {&quot;name&quot;: &quot;APPL.CtrlAppl.sParam.linTabPool[12].points[2].y&quot;, &quot;attr&quot;: &quot;1&quot;}, {&quot;name&quot;: &quot;APPL.CtrlAppl.sParam.linTabPool[12].points[3].x&quot;, &quot;attr&quot;: &quot;1&quot;}, {&quot;name&quot;: &quot;APPL.CtrlAppl.sParam.linTabPool[12].points[3].y&quot;, &quot;attr&quot;: &quot;1&quot;}, {&quot;name&quot;: &quot;APPL.CtrlAppl.sParam.linTabPool[12].points[4].x&quot;, &quot;attr&quot;: &quot;1&quot;}, {&quot;name&quot;: &quot;APPL.CtrlAppl.sParam.linTabPool[12].points[4].y&quot;, &quot;attr&quot;: &quot;1&quot;}, {&quot;name&quot;: &quot;APPL.CtrlAppl.sParam.linTabPool[12].points[5].x&quot;, &quot;attr&quot;: &quot;1&quot;}, {&quot;name&quot;: &quot;APPL.CtrlAppl.sParam.linTabPool[12].points[5].y&quot;, &quot;attr&quot;: &quot;1&quot;}, {&quot;name&quot;: &quot;APPL.CtrlAppl.sParam.linTabPool[12].points[6].x&quot;, &quot;attr&quot;: &quot;1&quot;}, {&quot;name&quot;: &quot;APPL.CtrlAppl.sParam.linTabPool[12].points[6].y&quot;, &quot;attr&quot;: &quot;1&quot;}, {&quot;name&quot;: &quot;APPL.CtrlAppl.sParam.linTabPool[12].points[7].x&quot;, &quot;attr&quot;: &quot;1&quot;}, {&quot;name&quot;: &quot;APPL.CtrlAppl.sParam.linTabPool[12].points[7].y&quot;, &quot;attr&quot;: &quot;1&quot;}, {&quot;name&quot;: &quot;APPL.CtrlAppl.sParam.linTabPool[12].points[8].x&quot;, &quot;attr&quot;: &quot;1&quot;}, {&quot;name&quot;: &quot;APPL.CtrlAppl.sParam.linTabPool[12].points[8].y&quot;, &quot;attr&quot;: &quot;1&quot;}, {&quot;name&quot;: &quot;APPL.CtrlAppl.sParam.linTabPool[12].points[9].x&quot;, &quot;attr&quot;: &quot;1&quot;}, {&quot;name&quot;: &quot;APPL.CtrlAppl.sParam.linTabPool[12].points[9].y&quot;, &quot;attr&quot;: &quot;1&quot;}, {&quot;name&quot;: &quot;APPL.CtrlAppl.sParam.linTabPool[12].points[10].x&quot;, &quot;attr&quot;: &quot;1&quot;}, {&quot;name&quot;: &quot;APPL.CtrlAppl.sParam.linTabPool[12].points[10].y&quot;, &quot;attr&quot;: &quot;1&quot;}, {&quot;name&quot;: &quot;APPL.CtrlAppl.sParam.linTabPool[12].points[11].x&quot;, &quot;attr&quot;: &quot;1&quot;}, {&quot;name&quot;: &quot;APPL.CtrlAppl.sParam.linTabPool[12].points[11].y&quot;, &quot;attr&quot;: &quot;1&quot;}, {&quot;name&quot;: &quot;APPL.CtrlAppl.sParam.linTabPool[12].points[12].x&quot;, &quot;attr&quot;: &quot;1&quot;}, {&quot;name&quot;: &quot;APPL.CtrlAppl.sParam.linTabPool[12].points[12].y&quot;, &quot;attr&quot;: &quot;1&quot;}, {&quot;name&quot;: &quot;APPL.CtrlAppl.sParam.linTabPool[12].points[13].x&quot;, &quot;attr&quot;: &quot;1&quot;}, {&quot;name&quot;: &quot;APPL.CtrlAppl.sParam.linTabPool[12].points[13].y&quot;, &quot;attr&quot;: &quot;1&quot;}, {&quot;name&quot;: &quot;APPL.CtrlAppl.sParam.linTabPool[12].points[14].x&quot;, &quot;attr&quot;: &quot;1&quot;}, {&quot;name&quot;: &quot;APPL.CtrlAppl.sParam.linTabPool[12].points[14].y&quot;, &quot;attr&quot;: &quot;1&quot;}, {&quot;name&quot;: &quot;APPL.CtrlAppl.sParam.linTabPool[12].points[15].x&quot;, &quot;attr&quot;: &quot;1&quot;}, {&quot;name&quot;: &quot;APPL.CtrlAppl.sParam.linTabPool[12].points[15].y&quot;, &quot;attr&quot;: &quot;1&quot;}, {&quot;name&quot;: &quot;APPL.CtrlAppl.sParam.linTabPool[13].name&quot;, &quot;attr&quot;: &quot;1&quot;}, {&quot;name&quot;: &quot;APPL.CtrlAppl.sParam.linTabPool[13].noOfPoints&quot;, &quot;attr&quot;: &quot;1&quot;}, {&quot;name&quot;: &quot;APPL.CtrlAppl.sParam.linTabPool[13].points[0].x&quot;, &quot;attr&quot;: &quot;1&quot;}, {&quot;name&quot;: &quot;APPL.CtrlAppl.sParam.linTabPool[13].points[0].y&quot;, &quot;attr&quot;: &quot;1&quot;}, {&quot;name&quot;: &quot;APPL.CtrlAppl.sParam.linTabPool[13].points[1].x&quot;, &quot;attr&quot;: &quot;1&quot;}, {&quot;name&quot;: &quot;APPL.CtrlAppl.sParam.linTabPool[13].points[1].y&quot;, &quot;attr&quot;: &quot;1&quot;}, {&quot;name&quot;: &quot;APPL.CtrlAppl.sParam.linTabPool[13].points[2].x&quot;, &quot;attr&quot;: &quot;1&quot;}, {&quot;name&quot;: &quot;APPL.CtrlAppl.sParam.linTabPool[13].points[2].y&quot;, &quot;attr&quot;: &quot;1&quot;}, {&quot;name&quot;: &quot;APPL.CtrlAppl.sParam.linTabPool[13].points[3].x&quot;, &quot;attr&quot;: &quot;1&quot;}, {&quot;name&quot;: &quot;APPL.CtrlAppl.sParam.linTabPool[13].points[3].y&quot;, &quot;attr&quot;: &quot;1&quot;}, {&quot;name&quot;: &quot;APPL.CtrlAppl.sParam.linTabPool[13].points[4].x&quot;, &quot;attr&quot;: &quot;1&quot;}, {&quot;name&quot;: &quot;APPL.CtrlAppl.sParam.linTabPool[13].points[4].y&quot;, &quot;attr&quot;: &quot;1&quot;}, {&quot;name&quot;: &quot;APPL.CtrlAppl.sParam.linTabPool[13].points[5].x&quot;, &quot;attr&quot;: &quot;1&quot;}, {&quot;name&quot;: &quot;APPL.CtrlAppl.sParam.linTabPool[13].points[5].y&quot;, &quot;attr&quot;: &quot;1&quot;}, {&quot;name&quot;: &quot;APPL.CtrlAppl.sParam.linTabPool[13].points[6].x&quot;, &quot;attr&quot;: &quot;1&quot;}, {&quot;name&quot;: &quot;APPL.CtrlAppl.sParam.linTabPool[13].points[6].y&quot;, &quot;attr&quot;: &quot;1&quot;}, {&quot;name&quot;: &quot;APPL.CtrlAppl.sParam.linTabPool[13].points[7].x&quot;, &quot;attr&quot;: &quot;1&quot;}, {&quot;name&quot;: &quot;APPL.CtrlAppl.sParam.linTabPool[13].points[7].y&quot;, &quot;attr&quot;: &quot;1&quot;}, {&quot;name&quot;: &quot;APPL.CtrlAppl.sParam.linTabPool[13].points[8].x&quot;, &quot;attr&quot;: &quot;1&quot;}, {&quot;name&quot;: &quot;APPL.CtrlAppl.sParam.linTabPool[13].points[8].y&quot;, &quot;attr&quot;: &quot;1&quot;}, {&quot;name&quot;: &quot;APPL.CtrlAppl.sParam.linTabPool[13].points[9].x&quot;, &quot;attr&quot;: &quot;1&quot;}, {&quot;name&quot;: &quot;APPL.CtrlAppl.sParam.linTabPool[13].points[9].y&quot;, &quot;attr&quot;: &quot;1&quot;}, {&quot;name&quot;: &quot;APPL.CtrlAppl.sParam.linTabPool[13].points[10].x&quot;, &quot;attr&quot;: &quot;1&quot;}, {&quot;name&quot;: &quot;APPL.CtrlAppl.sParam.linTabPool[13].points[10].y&quot;, &quot;attr&quot;: &quot;1&quot;}, {&quot;name&quot;: &quot;APPL.CtrlAppl.sParam.linTabPool[13].points[11].x&quot;, &quot;attr&quot;: &quot;1&quot;}, {&quot;name&quot;: &quot;APPL.CtrlAppl.sParam.linTabPool[13].points[11].y&quot;, &quot;attr&quot;: &quot;1&quot;}, {&quot;name&quot;: &quot;APPL.CtrlAppl.sParam.linTabPool[13].points[12].x&quot;, &quot;attr&quot;: &quot;1&quot;}, {&quot;name&quot;: &quot;APPL.CtrlAppl.sParam.linTabPool[13].points[12].y&quot;, &quot;attr&quot;: &quot;1&quot;}, {&quot;name&quot;: &quot;APPL.CtrlAppl.sParam.linTabPool[13].points[13].x&quot;, &quot;attr&quot;: &quot;1&quot;}, {&quot;name&quot;: &quot;APPL.CtrlAppl.sParam.linTabPool[13].points[13].y&quot;, &quot;attr&quot;: &quot;1&quot;}, {&quot;name&quot;: &quot;APPL.CtrlAppl.sParam.linTabPool[13].points[14].x&quot;, &quot;attr&quot;: &quot;1&quot;}, {&quot;name&quot;: &quot;APPL.CtrlAppl.sParam.linTabPool[13].points[14].y&quot;, &quot;attr&quot;: &quot;1&quot;}, {&quot;name&quot;: &quot;APPL.CtrlAppl.sParam.linTabPool[13].points[15].x&quot;, &quot;attr&quot;: &quot;1&quot;}, {&quot;name&quot;: &quot;APPL.CtrlAppl.sParam.linTabPool[13].points[15].y&quot;, &quot;attr&quot;: &quot;1&quot;}]-expected_response2]" time="0.007" /><testcase classname="tests.test_api.TestKebaKeEnergyAPI" name="test_read_data[section3-None-option_payload3-payload3-None-[{&quot;name&quot;: &quot;APPL.CtrlAppl.sParam.bufferTank[0].topTemp.values.actValue&quot;, &quot;attr&quot;: &quot;1&quot;}, {&quot;name&quot;: &quot;APPL.CtrlAppl.sParam.solarCircuit[0].collectorTemp.values.actValue&quot;, &quot;attr&quot;: &quot;1&quot;}, {&quot;name&quot;: &quot;APPL.CtrlAppl.sParam.solarCircuit[1].collectorTemp.values.actValue&quot;, &quot;attr&quot;: &quot;1&quot;}, {&quot;name&quot;: &quot;APPL.CtrlAppl.sParam.genericHeat[0].referenceTemp.values.actValue&quot;, &quot;attr&quot;: &quot;1&quot;}, {&quot;name&quot;: &quot;APPL.CtrlAppl.sParam.genericHeat[1].referenceTemp.values.actValue&quot;, &quot;attr&quot;: &quot;1&quot;}, {&quot;name&quot;: &quot;APPL.CtrlAppl.sParam.genericHeat[2].referenceTemp.values.actValue&quot;, &quot;attr&quot;: &quot;1&quot;}, {&quot;name&quot;: &quot;APPL.CtrlAppl.sParam.genericHeat[3].referenceTemp.values.actValue&quot;, &quot;attr&quot;: &quot;1&quot;}, {&quot;name&quot;: &quot;APPL.CtrlAppl.sParam.genericHeat[0].param.setTempMax.value&quot;, &quot;attr&quot;: &quot;1&quot;}, {&quot;name&quot;: &quot;APPL.CtrlAppl.sParam.genericHeat[1].param.setTempMax.value&quot;, &quot;attr&quot;: &quot;1&quot;}, {&quot;name&quot;: &quot;APPL.CtrlAppl.sParam.genericHeat[2].param.setTempMax.value&quot;, &quot;attr&quot;: &quot;1&quot;}, {&quot;name&quot;: &quot;APPL.CtrlAppl.sParam.genericHeat[3].param.setTempMax.value&quot;, &quot;attr&quot;: &quot;1&quot;}, {&quot;name&quot;: &quot;APPL.CtrlAppl.sParam.genericHeat[0].values.heatRequest&quot;, &quot;attr&quot;: &quot;1&quot;}, {&quot;name&quot;: &quot;APPL.CtrlAppl.sParam.genericHeat[1].values.heatRequest&quot;, &quot;attr&quot;: &quot;1&quot;}, {&quot;name&quot;: &quot;APPL.CtrlAppl.sParam.genericHeat[2].values.heatRequest&quot;, &quot;attr&quot;: &quot;1&quot;}, {&quot;name&quot;: &quot;APPL.CtrlAppl.sParam.genericHeat[3].values.heatRequest&quot;, &quot;attr&quot;: &quot;1&quot;}, {&quot;name&quot;: &quot;APPL.CtrlAppl.sParam.heatpump[0].values.heatpumpSubState&quot;, &quot;attr&quot;: &quot;1&quot;}, {&quot;name&quot;: &quot;APPL.CtrlAppl.sParam.heatpump[1].values.heatpumpSubState&quot;, &quot;attr&quot;: &quot;1&quot;}]-None-expected_response3]" time="0.004" /><testcase classname="tests.test_api.TestKebaKeEnergyAPI" name="test_write_data[section0-[{&quot;name&quot;: &quot;APPL.CtrlAppl.sParam.genericHeat[0].param.setTempMax.value&quot;, &quot;value&quot;: &quot;50&quot;}, {&quot;name&quot;: &quot;APPL.CtrlAppl.sParam.genericHeat[2].param.setTempMax.value&quot;, &quot;value&quot;: &quot;45&quot;}, {&quot;name&quot;: &quot;APPL.CtrlAppl.sParam.genericHeat[3].param.setTempMax.value&quot;, &quot;value&quot;: &quot;35&quot;}]]" time="0.002" /><testcase classname="tests.test_api.TestKebaKeEnergyAPI" name="test_write_data[section1-[{&quot;name&quot;: &quot;APPL.CtrlAppl.sParam.param.operatingMode&quot;, &quot;value&quot;: &quot;1&quot;}]]" time="0.002" /><testcase classname="tests.test_api.TestKebaKeEnergyAPI" name="test_write_data[section2-[{&quot;name&quot;: &quot;APPL.CtrlAppl.sParam.hotWaterTank[0].param.reducedSetTempMax.value&quot;, &quot;value&quot;: &quot;10&quot;}]]" time="0.002" /><testcase classname="tests.test_api.TestKebaKeEnergyAPI" name="test_write_data[section3-[{&quot;name&quot;: &quot;APPL.CtrlAppl.sParam.hotWaterTank[0].param.reducedSetTempMax.value&quot;, &quot;value&quot;: &quot;10&quot;}, {&quot;name&quot;: &quot;APPL.CtrlAppl.sParam.hotWaterTank[0].param.normalSetTempMax.value&quot;, &quot;value&quot;: &quot;45&quot;}, {&quot;name&quot;: &quot;APPL.CtrlAppl.sParam.hotWaterTank[1].param.normalSetTempMax.value&quot;, &quot;value&quot;: &quot;44&quot;}, {&quot;name&quot;: &quot;APPL.CtrlAppl.sParam.hmiRetainData.consumer1PrioritySolar[0]&quot;, &quot;value&quot;: &quot;0&quot;}, {&quot;name&quot;: &quot;APPL.CtrlAppl.sParam.hmiRetainData.consumer1PrioritySolar[1]&quot;, &quot;value&quot;: &quot;1&quot;}, {&quot;name&quot;: &quot;APPL.CtrlAppl.sParam.genericHeat[0].param.priority&quot;, &quot;value&quot;: &quot;15&quot;}, {&quot;name&quot;: &quot;APPL.CtrlAppl.sParam.genericHeat[2].param.priority&quot;, &quot;value&quot;: &quot;14&quot;}]]" time="0.005" /><testcase classname="tests.test_api.TestKebaKeEnergyAPI" name="test_filter_request[BufferTank.NAME-1-1-expected0]" time="0.004" /><testcase classname="tests.test_api.TestKebaKeEnergyAPI" name="test_filter_request[SolarCircuit.PRIORITY_1_BEFORE_2-None-1-expected1]" time="0.003" /><testcase classname="tests.test_api.TestKebaKeEnergyAPI" name="test_filter_request[SolarCircuit.HEAT_REQUEST-None-2-expected2]" time="0.004" /><testcase classname="tests.test_api.TestKebaKeEnergyAPI" name="test_filter_request[section3-None-2-expected3]" time="0.003" /><testcase classname="tests.test_api.TestKebaKeEnergyAPI" name="test_filter_request_with_error[BufferTank.NAME-expected0]" time="0.004" /><testcase classname="tests.test_api.TestKebaKeEnergyAPI" name="test_filter_request_with_error[section1-expected1]" time="0.003" /><testcase classname="tests.test_api.TestKebaKeEnergyAPI" name="test_invalid_credentials" time="0.003" /><testcase classname="tests.test_api.TestKebaKeEnergyAPI" name="test_api_status_4xx" time="0.003" /><testcase classname="tests.test_api.TestKebaKeEnergyAPI" name="test_api_client_error" time="0.001" /><testcase classname="tests.test_api.TestKebaKeEnergyAPI" name="test_api_error" time="0.003" /><testcase classname="tests.test_endpoints.test_buffer_tank_section.TestHappyPathBufferTankSection" name="test_get_name" time="0.002" /><testcase classname="tests.test_endpoints.test_buffer_tank_section.TestHappyPathBufferTankSection" name="test_get_current_top_temperature" time="0.002" /><testcase classname="tests.test_endpoints.test_buffer_tank_section.TestHappyPathBufferTankSection" name="test_get_current_bottom_temperature" time="0.003" /><testcase classname="tests.test_endpoints.test_buffer_tank_section.TestHappyPathBufferTankSection" name="test_get_operating_mode[True-2-heat_up]" time="0.003" /><testcase classname="tests.test_endpoints.test_buffer_tank_section.TestHappyPathBufferTankSection" name="test_get_operating_mode[False-2-2]" time="0.002" /><testcase classname="tests.test_endpoints.test_buffer_tank_section.TestHappyPathBufferTankSection" name="test_set_operating_mode[off-0]" time="0.002" /><testcase classname="tests.test_endpoints.test_buffer_tank_section.TestHappyPathBufferTankSection" name="test_set_operating_mode[ON-1]" time="0.002" /><testcase classname="tests.test_endpoints.test_buffer_tank_section.TestHappyPathBufferTankSection" name="test_set_operating_mode[2-2]" time="0.002" /><testcase classname="tests.test_endpoints.test_buffer_tank_section.TestHappyPathBufferTankSection" name="test_get_standby_temperature" time="0.002" /><testcase classname="tests.test_endpoints.test_buffer_tank_section.TestHappyPathBufferTankSection" name="test_set_standby_temperature" time="0.002" /><testcase classname="tests.test_endpoints.test_buffer_tank_section.TestHappyPathBufferTankSection" name="test_get_target_temperature" time="0.003" /><testcase classname="tests.test_endpoints.test_buffer_tank_section.TestHappyPathBufferTankSection" name="test_get_excess_energy_target_temperature" time="0.002" /><testcase classname="tests.test_endpoints.test_buffer_tank_section.TestHappyPathBufferTankSection" name="test_set_excess_energy_target_temperature" time="0.003" /><testcase classname="tests.test_endpoints.test_buffer_tank_section.TestHappyPathBufferTankSection" name="test_get_excess_energy_target_temperature_hysteresis" time="0.002" /><testcase classname="tests.test_endpoints.test_buffer_tank_section.TestHappyPathBufferTankSection" name="test_set_excess_energy_target_temperature_hysteresis" time="0.002" /><testcase classname="tests.test_endpoints.test_buffer_tank_section.TestHappyPathBufferTankSection" name="test_get_outdoor_temperature_excess_energy_limit" time="0.003" /><testcase classname="tests.test_endpoints.test_buffer_tank_section.TestHappyPathBufferTankSection" name="test_set_outdoor_temperature_excess_energy_limit" time="0.002" /><testcase classname="tests.test_endpoints.test_buffer_tank_section.TestHappyPathBufferTankSection" name="test_get_use_excess_energy[True-true-on]" time="0.003" /><testcase classname="tests.test_endpoints.test_buffer_tank_section.TestHappyPathBufferTankSection" name="test_get_use_excess_energy[True-false-off]" time="0.003" /><testcase classname="tests.test_endpoints.test_buffer_tank_section.TestHappyPathBufferTankSection" name="test_get_use_excess_energy[False-true-1]" time="0.003" /><testcase classname="tests.test_endpoints.test_buffer_tank_section.TestHappyPathBufferTankSection" name="test_get_use_excess_energy[False-false-0]" time="0.004" /><testcase classname="tests.test_endpoints.test_buffer_tank_section.TestHappyPathBufferTankSection" name="test_set_use_excess_energy[off-0]" time="0.003" /><testcase classname="tests.test_endpoints.test_buffer_tank_section.TestHappyPathBufferTankSection" name="test_set_use_excess_energy[ON-1]" time="0.003" /><testcase classname="tests.test_endpoints.test_buffer_tank_section.TestHappyPathBufferTankSection" name="test_set_use_excess_energy[1-1]" time="0.002" /><testcase classname="tests.test_endpoints.test_buffer_tank_section.TestHappyPathBufferTankSection" name="test_set_use_excess_energy[0-0]" time="0.002" /><testcase classname="tests.test_endpoints.test_buffer_tank_section.TestHappyPathBufferTankSection" name="test_set_invalid_use_excess_energy[INVALID]" time="0.002" /><testcase classname="tests.test_endpoints.test_buffer_tank_section.TestHappyPathBufferTankSection" name="test_get_excess_energy_mode[True-2-cooling]" time="0.003" /><testcase classname="tests.test_endpoints.test_buffer_tank_section.TestHappyPathBufferTankSection" name="test_get_excess_energy_mode[False-1-1]" time="0.003" /><testcase classname="tests.test_endpoints.test_buffer_tank_section.TestHappyPathBufferTankSection" name="test_get_excess_energy_mode[True-0-off]" time="0.002" /><testcase classname="tests.test_endpoints.test_buffer_tank_section.TestHappyPathBufferTankSection" name="test_get_heat_request[True-true-on]" time="0.002" /><testcase classname="tests.test_endpoints.test_buffer_tank_section.TestHappyPathBufferTankSection" name="test_get_heat_request[False-1-1]" time="0.003" /><testcase classname="tests.test_endpoints.test_buffer_tank_section.TestHappyPathBufferTankSection" name="test_get_heat_request[True-false-off]" time="0.003" /><testcase classname="tests.test_endpoints.test_buffer_tank_section.TestHappyPathBufferTankSection" name="test_get_heat_request[False-0-0]" time="0.003" /><testcase classname="tests.test_endpoints.test_buffer_tank_section.TestHappyPathBufferTankSection" name="test_get_cool_request[True-true-on]" time="0.002" /><testcase classname="tests.test_endpoints.test_buffer_tank_section.TestHappyPathBufferTankSection" name="test_get_cool_request[False-1-1]" time="0.003" /><testcase classname="tests.test_endpoints.test_buffer_tank_section.TestHappyPathBufferTankSection" name="test_get_cool_request[True-false-off]" time="0.003" /><testcase classname="tests.test_endpoints.test_buffer_tank_section.TestHappyPathBufferTankSection" name="test_get_cool_request[False-0-0]" time="0.002" /><testcase classname="tests.test_endpoints.test_buffer_tank_section.TestUnhappyPathBufferTankSection" name="test_get_invalid_type_operating_mode" time="0.003" /><testcase classname="tests.test_endpoints.test_buffer_tank_section.TestUnhappyPathBufferTankSection" name="test_get_invalid_human_readable_operating_mode[True-10]" time="0.003" /><testcase classname="tests.test_endpoints.test_buffer_tank_section.TestUnhappyPathBufferTankSection" name="test_set_invalid_operating_mode[INVALID]" time="0.002" /><testcase classname="tests.test_endpoints.test_external_heat_source_section.TestHappyPathExternalHeatSourceSection" name="test_get_operating_mode[True-1-on]" time="0.003" /><testcase classname="tests.test_endpoints.test_external_heat_source_section.TestHappyPathExternalHeatSourceSection" name="test_get_operating_mode[False-0-0]" time="0.003" /><testcase classname="tests.test_endpoints.test_external_heat_source_section.TestHappyPathExternalHeatSourceSection" name="test_set_operating_mode[on-1]" time="0.003" /><testcase classname="tests.test_endpoints.test_external_heat_source_section.TestHappyPathExternalHeatSourceSection" name="test_set_operating_mode[OFF-0]" time="0.002" /><testcase classname="tests.test_endpoints.test_external_heat_source_section.TestHappyPathExternalHeatSourceSection" name="test_set_operating_mode[1-1]" time="0.003" /><testcase classname="tests.test_endpoints.test_external_heat_source_section.TestHappyPathExternalHeatSourceSection" name="test_get_target_temperature" time="0.002" /><testcase classname="tests.test_endpoints.test_external_heat_source_section.TestHappyPathExternalHeatSourceSection" name="test_get_heat_request[True-true-on]" time="0.003" /><testcase classname="tests.test_endpoints.test_external_heat_source_section.TestHappyPathExternalHeatSourceSection" name="test_get_heat_request[False-1-1]" time="0.004" /><testcase classname="tests.test_endpoints.test_external_heat_source_section.TestHappyPathExternalHeatSourceSection" name="test_get_heat_request[True-false-off]" time="0.002" /><testcase classname="tests.test_endpoints.test_external_heat_source_section.TestHappyPathExternalHeatSourceSection" name="test_get_heat_request[False-0-0]" time="0.002" /><testcase classname="tests.test_endpoints.test_external_heat_source_section.TestHappyPathExternalHeatSourceSection" name="test_get_operating_time" time="0.003" /><testcase classname="tests.test_endpoints.test_external_heat_source_section.TestHappyPathExternalHeatSourceSection" name="test_get_max_runtime" time="0.002" /><testcase classname="tests.test_endpoints.test_external_heat_source_section.TestHappyPathExternalHeatSourceSection" name="test_get_activation_counter" time="0.003" /><testcase classname="tests.test_endpoints.test_external_heat_source_section.TestHappyPathExternalHeatSourceSection" name="test_get_consuming_excess_energy[True-true-on]" time="0.003" /><testcase classname="tests.test_endpoints.test_external_heat_source_section.TestHappyPathExternalHeatSourceSection" name="test_get_consuming_excess_energy[False-1-1]" time="0.003" /><testcase classname="tests.test_endpoints.test_external_heat_source_section.TestHappyPathExternalHeatSourceSection" name="test_get_consuming_excess_energy[True-false-off]" time="0.003" /><testcase classname="tests.test_endpoints.test_external_heat_source_section.TestHappyPathExternalHeatSourceSection" name="test_get_consuming_excess_energy[False-0-0]" time="0.003" /><testcase classname="tests.test_endpoints.test_external_heat_source_section.TestHappyPathExternalHeatSourceSection" name="test_get_excess_energy_operating_time" time="0.003" /><testcase classname="tests.test_endpoints.test_external_heat_source_section.TestHappyPathExternalHeatSourceSection" name="test_get_excess_energy_max_runtime" time="0.003" /><testcase classname="tests.test_endpoints.test_external_heat_source_section.TestHappyPathExternalHeatSourceSection" name="test_get_excess_energy_activation_counter" time="0.003" /><testcase classname="tests.test_endpoints.test_external_heat_source_section.TestHappyPathExternalHeatSourceSection" name="test_get_use_excess_energy[True-true-on]" time="0.003" /><testcase classname="tests.test_endpoints.test_external_heat_source_section.TestHappyPathExternalHeatSourceSection" name="test_get_use_excess_energy[True-false-off]" time="0.003" /><testcase classname="tests.test_endpoints.test_external_heat_source_section.TestHappyPathExternalHeatSourceSection" name="test_get_use_excess_energy[False-true-1]" time="0.003" /><testcase classname="tests.test_endpoints.test_external_heat_source_section.TestHappyPathExternalHeatSourceSection" name="test_get_use_excess_energy[False-false-0]" time="0.002" /><testcase classname="tests.test_endpoints.test_external_heat_source_section.TestHappyPathExternalHeatSourceSection" name="test_set_use_excess_energy[off-0]" time="0.002" /><testcase classname="tests.test_endpoints.test_external_heat_source_section.TestHappyPathExternalHeatSourceSection" name="test_set_use_excess_energy[ON-1]" time="0.003" /><testcase classname="tests.test_endpoints.test_external_heat_source_section.TestHappyPathExternalHeatSourceSection" name="test_set_use_excess_energy[1-1]" time="0.003" /><testcase classname="tests.test_endpoints.test_external_heat_source_section.TestHappyPathExternalHeatSourceSection" name="test_set_use_excess_energy[0-0]" time="0.004" /><testcase classname="tests.test_endpoints.test_external_heat_source_section.TestHappyPathExternalHeatSourceSection" name="test_set_invalid_use_excess_energy[INVALID]" time="0.001" /><testcase classname="tests.test_endpoints.test_external_heat_source_section.TestHappyPathExternalHeatSourceSection" name="test_get_min_runtime_excess_energy" time="0.003" /><testcase classname="tests.test_endpoints.test_external_heat_source_section.TestHappyPathExternalHeatSourceSection" name="test_set_min_runtime_excess_energy" time="0.003" /><testcase classname="tests.test_endpoints.test_external_heat_source_section.TestUnhappyPathExternalHeatSourceSection" name="test_set_invalid_operating_mode[INVALID]" time="0.002" /><testcase classname="tests.test_endpoints.test_heat_circuit_section.TestHappyPathHeatCircuitSection" name="test_get_name" time="0.003" /><testcase classname="tests.test_endpoints.test_heat_circuit_section.TestHappyPathHeatCircuitSection" name="test_get_mode[True-0-heating]" time="0.004" /><testcase classname="tests.test_endpoints.test_heat_circuit_section.TestHappyPathHeatCircuitSection" name="test_get_mode[False-0-0]" time="0.003" /><testcase classname="tests.test_endpoints.test_heat_circuit_section.TestHappyPathHeatCircuitSection" name="test_get_mode[True-1-cooling]" time="0.003" /><testcase classname="tests.test_endpoints.test_heat_circuit_section.TestHappyPathHeatCircuitSection" name="test_get_mode[False-1-1]" time="0.002" /><testcase classname="tests.test_endpoints.test_heat_circuit_section.TestHappyPathHeatCircuitSection" name="test_get_mode[True-2-heating_and_cooling]" time="0.002" /><testcase classname="tests.test_endpoints.test_heat_circuit_section.TestHappyPathHeatCircuitSection" name="test_get_mode[False-2-2]" time="0.003" /><testcase classname="tests.test_endpoints.test_heat_circuit_section.TestHappyPathHeatCircuitSection" name="test_get_mode[True-3-heating_and_active_cooling]" time="0.003" /><testcase classname="tests.test_endpoints.test_heat_circuit_section.TestHappyPathHeatCircuitSection" name="test_get_mode[False-3-3]" time="0.002" /><testcase classname="tests.test_endpoints.test_heat_circuit_section.TestHappyPathHeatCircuitSection" name="test_has_room_temperature[True-true-on]" time="0.002" /><testcase classname="tests.test_endpoints.test_heat_circuit_section.TestHappyPathHeatCircuitSection" name="test_has_room_temperature[False-1-1]" time="0.002" /><testcase classname="tests.test_endpoints.test_heat_circuit_section.TestHappyPathHeatCircuitSection" name="test_has_room_temperature[True-false-off]" time="0.002" /><testcase classname="tests.test_endpoints.test_heat_circuit_section.TestHappyPathHeatCircuitSection" name="test_has_room_temperature[False-0-0]" time="0.002" /><testcase classname="tests.test_endpoints.test_heat_circuit_section.TestHappyPathHeatCircuitSection" name="test_get_room_temperature" time="0.002" /><testcase classname="tests.test_endpoints.test_heat_circuit_section.TestHappyPathHeatCircuitSection" name="test_has_room_humidity[True-true-on]" time="0.003" /><testcase classname="tests.test_endpoints.test_heat_circuit_section.TestHappyPathHeatCircuitSection" name="test_has_room_humidity[False-1-1]" time="0.003" /><testcase classname="tests.test_endpoints.test_heat_circuit_section.TestHappyPathHeatCircuitSection" name="test_has_room_humidity[True-false-off]" time="0.002" /><testcase classname="tests.test_endpoints.test_heat_circuit_section.TestHappyPathHeatCircuitSection" name="test_has_room_humidity[False-0-0]" time="0.003" /><testcase classname="tests.test_endpoints.test_heat_circuit_section.TestHappyPathHeatCircuitSection" name="test_get_room_humidity" time="0.003" /><testcase classname="tests.test_endpoints.test_heat_circuit_section.TestHappyPathHeatCircuitSection" name="test_get_dew_point" time="0.002" /><testcase classname="tests.test_endpoints.test_heat_circuit_section.TestHappyPathHeatCircuitSection" name="test_get_flow_temperature_setpoint" time="0.002" /><testcase classname="tests.test_endpoints.test_heat_circuit_section.TestHappyPathHeatCircuitSection" name="test_has_mixer[True-true-on]" time="0.002" /><testcase classname="tests.test_endpoints.test_heat_circuit_section.TestHappyPathHeatCircuitSection" name="test_has_mixer[False-1-1]" time="0.002" /><testcase classname="tests.test_endpoints.test_heat_circuit_section.TestHappyPathHeatCircuitSection" name="test_has_mixer[True-false-off]" time="0.002" /><testcase classname="tests.test_endpoints.test_heat_circuit_section.TestHappyPathHeatCircuitSection" name="test_has_mixer[False-0-0]" time="0.002" /><testcase classname="tests.test_endpoints.test_heat_circuit_section.TestHappyPathHeatCircuitSection" name="test_get_mixer_flow_temperature" time="0.003" /><testcase classname="tests.test_endpoints.test_heat_circuit_section.TestHappyPathHeatCircuitSection" name="test_get_mixer_return_flow_temperature" time="0.003" /><testcase classname="tests.test_endpoints.test_heat_circuit_section.TestHappyPathHeatCircuitSection" name="test_get_mixer_position[True--1-closed]" time="0.002" /><testcase classname="tests.test_endpoints.test_heat_circuit_section.TestHappyPathHeatCircuitSection" name="test_get_mixer_position[False-0-0]" time="0.002" /><testcase classname="tests.test_endpoints.test_heat_circuit_section.TestHappyPathHeatCircuitSection" name="test_get_mixer_position[True-1-open]" time="0.002" /><testcase classname="tests.test_endpoints.test_heat_circuit_section.TestHappyPathHeatCircuitSection" name="test_get_mixer_position[True--0.045793723-off]" time="0.002" /><testcase classname="tests.test_endpoints.test_heat_circuit_section.TestHappyPathHeatCircuitSection" name="test_get_mixer_position[True-0.045793723-off]" time="0.003" /><testcase classname="tests.test_endpoints.test_heat_circuit_section.TestHappyPathHeatCircuitSection" name="test_get_pump_state[True-true-on]" time="0.002" /><testcase classname="tests.test_endpoints.test_heat_circuit_section.TestHappyPathHeatCircuitSection" name="test_get_pump_state[False-1-1]" time="0.002" /><testcase classname="tests.test_endpoints.test_heat_circuit_section.TestHappyPathHeatCircuitSection" name="test_get_pump_state[True-false-off]" time="0.003" /><testcase classname="tests.test_endpoints.test_heat_circuit_section.TestHappyPathHeatCircuitSection" name="test_get_pump_state[False-0-0]" time="0.002" /><testcase classname="tests.test_endpoints.test_heat_circuit_section.TestHappyPathHeatCircuitSection" name="test_has_return_flow_temperature[True-true-on]" time="0.004" /><testcase classname="tests.test_endpoints.test_heat_circuit_section.TestHappyPathHeatCircuitSection" name="test_has_return_flow_temperature[False-1-1]" time="0.003" /><testcase classname="tests.test_endpoints.test_heat_circuit_section.TestHappyPathHeatCircuitSection" name="test_has_return_flow_temperature[True-false-off]" time="0.003" /><testcase classname="tests.test_endpoints.test_heat_circuit_section.TestHappyPathHeatCircuitSection" name="test_has_return_flow_temperature[False-0-0]" time="0.002" /><testcase classname="tests.test_endpoints.test_heat_circuit_section.TestHappyPathHeatCircuitSection" name="test_get_return_flow_temperature" time="0.002" /><testcase classname="tests.test_endpoints.test_heat_circuit_section.TestHappyPathHeatCircuitSection" name="test_get_target_temperature" time="0.003" /><testcase classname="tests.test_endpoints.test_heat_circuit_section.TestHappyPathHeatCircuitSection" name="test_get_use_excess_energy[True-true-on]" time="0.002" /><testcase classname="tests.test_endpoints.test_heat_circuit_section.TestHappyPathHeatCircuitSection" name="test_get_use_excess_energy[True-false-off]" time="0.002" /><testcase classname="tests.test_endpoints.test_heat_circuit_section.TestHappyPathHeatCircuitSection" name="test_get_use_excess_energy[False-true-1]" time="0.003" /><testcase classname="tests.test_endpoints.test_heat_circuit_section.TestHappyPathHeatCircuitSection" name="test_get_use_excess_energy[False-false-0]" time="0.002" /><testcase classname="tests.test_endpoints.test_heat_circuit_section.TestHappyPathHeatCircuitSection" name="test_get_excess_energy_mode[True-2-cooling]" time="0.003" /><testcase classname="tests.test_endpoints.test_heat_circuit_section.TestHappyPathHeatCircuitSection" name="test_get_excess_energy_mode[False-0-0]" time="0.002" /><testcase classname="tests.test_endpoints.test_heat_circuit_section.TestHappyPathHeatCircuitSection" name="test_get_excess_energy_mode[False-1-1]" time="0.002" /><testcase classname="tests.test_endpoints.test_heat_circuit_section.TestHappyPathHeatCircuitSection" name="test_set_use_excess_energy[off-0]" time="0.002" /><testcase classname="tests.test_endpoints.test_heat_circuit_section.TestHappyPathHeatCircuitSection" name="test_set_use_excess_energy[ON-1]" time="0.003" /><testcase classname="tests.test_endpoints.test_heat_circuit_section.TestHappyPathHeatCircuitSection" name="test_set_use_excess_energy[1-1]" time="0.003" /><testcase classname="tests.test_endpoints.test_heat_circuit_section.TestHappyPathHeatCircuitSection" name="test_set_use_excess_energy[0-0]" time="0.002" /><testcase classname="tests.test_endpoints.test_heat_circuit_section.TestHappyPathHeatCircuitSection" name="test_set_invalid_use_excess_energy[INVALID]" time="0.002" /><testcase classname="tests.test_endpoints.test_heat_circuit_section.TestHappyPathHeatCircuitSection" name="test_get_excess_energy_target_temperature" time="0.003" /><testcase classname="tests.test_endpoints.test_heat_circuit_section.TestHappyPathHeatCircuitSection" name="test_set_excess_energy_target_temperature" time="0.002" /><testcase classname="tests.test_endpoints.test_heat_circuit_section.TestHappyPathHeatCircuitSection" name="test_get_excess_energy_target_temperature_hysteresis" time="0.002" /><testcase classname="tests.test_endpoints.test_heat_circuit_section.TestHappyPathHeatCircuitSection" name="test_set_excess_energy_target_temperature_hysteresis" time="0.003" /><testcase classname="tests.test_endpoints.test_heat_circuit_section.TestHappyPathHeatCircuitSection" name="test_get_excess_energy_target_cooling_temperature" time="0.002" /><testcase classname="tests.test_endpoints.test_heat_circuit_section.TestHappyPathHeatCircuitSection" name="test_set_excess_energy_target_cooling_temperature" time="0.002" /><testcase classname="tests.test_endpoints.test_heat_circuit_section.TestHappyPathHeatCircuitSection" name="test_get_excess_energy_target_cooling_temperature_hysteresis" time="0.002" /><testcase classname="tests.test_endpoints.test_heat_circuit_section.TestHappyPathHeatCircuitSection" name="test_set_excess_energy_target_cooling_temperature_hysteresis" time="0.002" /><testcase classname="tests.test_endpoints.test_heat_circuit_section.TestHappyPathHeatCircuitSection" name="test_get_selected_target_temperature" time="0.002" /><testcase classname="tests.test_endpoints.test_heat_circuit_section.TestHappyPathHeatCircuitSection" name="test_get_target_temperature_day" time="0.002" /><testcase classname="tests.test_endpoints.test_heat_circuit_section.TestHappyPathHeatCircuitSection" name="test_set_target_temperature_day" time="0.002" /><testcase classname="tests.test_endpoints.test_heat_circuit_section.TestHappyPathHeatCircuitSection" name="test_get_target_cooling_temperature_day" time="0.002" /><testcase classname="tests.test_endpoints.test_heat_circuit_section.TestHappyPathHeatCircuitSection" name="test_set_target_cooling_temperature_day" time="0.002" /><testcase classname="tests.test_endpoints.test_heat_circuit_section.TestHappyPathHeatCircuitSection" name="test_get_heating_limit_day" time="0.003" /><testcase classname="tests.test_endpoints.test_heat_circuit_section.TestHappyPathHeatCircuitSection" name="test_set_heating_limit_day" time="0.002" /><testcase classname="tests.test_endpoints.test_heat_circuit_section.TestHappyPathHeatCircuitSection" name="test_get_cooling_limit_day" time="0.002" /><testcase classname="tests.test_endpoints.test_heat_circuit_section.TestHappyPathHeatCircuitSection" name="test_set_cooling_limit_day" time="0.002" /><testcase classname="tests.test_endpoints.test_heat_circuit_section.TestHappyPathHeatCircuitSection" name="test_get_excess_energy_heating_limit_day" time="0.002" /><testcase classname="tests.test_endpoints.test_heat_circuit_section.TestHappyPathHeatCircuitSection" name="test_set_excess_energy_heating_limit_day" time="0.003" /><testcase classname="tests.test_endpoints.test_heat_circuit_section.TestHappyPathHeatCircuitSection" name="test_get_excess_energy_cooling_limit_day" time="0.002" /><testcase classname="tests.test_endpoints.test_heat_circuit_section.TestHappyPathHeatCircuitSection" name="test_set_excess_energy_cooling_limit_day" time="0.002" /><testcase classname="tests.test_endpoints.test_heat_circuit_section.TestHappyPathHeatCircuitSection" name="test_get_target_temperature_night" time="0.002" /><testcase classname="tests.test_endpoints.test_heat_circuit_section.TestHappyPathHeatCircuitSection" name="test_set_target_temperature_night" time="0.002" /><testcase classname="tests.test_endpoints.test_heat_circuit_section.TestHappyPathHeatCircuitSection" name="test_get_target_cooling_temperature_night" time="0.002" /><testcase classname="tests.test_endpoints.test_heat_circuit_section.TestHappyPathHeatCircuitSection" name="test_set_target_cooling_temperature_night" time="0.002" /><testcase classname="tests.test_endpoints.test_heat_circuit_section.TestHappyPathHeatCircuitSection" name="test_get_heating_limit_night" time="0.002" /><testcase classname="tests.test_endpoints.test_heat_circuit_section.TestHappyPathHeatCircuitSection" name="test_set_heating_limit_night" time="0.002" /><testcase classname="tests.test_endpoints.test_heat_circuit_section.TestHappyPathHeatCircuitSection" name="test_get_cooling_limit_night" time="0.002" /><testcase classname="tests.test_endpoints.test_heat_circuit_section.TestHappyPathHeatCircuitSection" name="test_set_cooling_limit_night" time="0.002" /><testcase classname="tests.test_endpoints.test_heat_circuit_section.TestHappyPathHeatCircuitSection" name="test_get_excess_energy_heating_limit_night" time="0.002" /><testcase classname="tests.test_endpoints.test_heat_circuit_section.TestHappyPathHeatCircuitSection" name="test_set_excess_energy_heating_limit_night" time="0.003" /><testcase classname="tests.test_endpoints.test_heat_circuit_section.TestHappyPathHeatCircuitSection" name="test_get_excess_energy_cooling_limit_night" time="0.002" /><testcase classname="tests.test_endpoints.test_heat_circuit_section.TestHappyPathHeatCircuitSection" name="test_set_excess_energy_cooling_limit_night" time="0.002" /><testcase classname="tests.test_endpoints.test_heat_circuit_section.TestHappyPathHeatCircuitSection" name="test_get_target_temperature_away" time="0.002" /><testcase classname="tests.test_endpoints.test_heat_circuit_section.TestHappyPathHeatCircuitSection" name="test_set_target_temperature_away" time="0.002" /><testcase classname="tests.test_endpoints.test_heat_circuit_section.TestHappyPathHeatCircuitSection" name="test_get_target_temperature_offset" time="0.002" /><testcase classname="tests.test_endpoints.test_heat_circuit_section.TestHappyPathHeatCircuitSection" name="test_set_target_temperature_offset" time="0.002" /><testcase classname="tests.test_endpoints.test_heat_circuit_section.TestHappyPathHeatCircuitSection" name="test_get_operating_mode[True-3-night]" time="0.002" /><testcase classname="tests.test_endpoints.test_heat_circuit_section.TestHappyPathHeatCircuitSection" name="test_get_operating_mode[False-3-3]" time="0.003" /><testcase classname="tests.test_endpoints.test_heat_circuit_section.TestHappyPathHeatCircuitSection" name="test_set_operating_mode[OFF-0]" time="0.002" /><testcase classname="tests.test_endpoints.test_heat_circuit_section.TestHappyPathHeatCircuitSection" name="test_set_operating_mode[AUTO-1]" time="0.002" /><testcase classname="tests.test_endpoints.test_heat_circuit_section.TestHappyPathHeatCircuitSection" name="test_set_operating_mode[2-2]" time="0.002" /><testcase classname="tests.test_endpoints.test_heat_circuit_section.TestHappyPathHeatCircuitSection" name="test_set_operating_mode[3-3]" time="0.002" /><testcase classname="tests.test_endpoints.test_heat_circuit_section.TestHappyPathHeatCircuitSection" name="test_get_heat_request[True-0-off]" time="0.004" /><testcase classname="tests.test_endpoints.test_heat_circuit_section.TestHappyPathHeatCircuitSection" name="test_get_heat_request[False-0-0]" time="0.003" /><testcase classname="tests.test_endpoints.test_heat_circuit_section.TestHappyPathHeatCircuitSection" name="test_get_heat_request[True-1-on]" time="0.002" /><testcase classname="tests.test_endpoints.test_heat_circuit_section.TestHappyPathHeatCircuitSection" name="test_get_heat_request[False-1-1]" time="0.002" /><testcase classname="tests.test_endpoints.test_heat_circuit_section.TestHappyPathHeatCircuitSection" name="test_get_heat_request[True-2-flow_off]" time="0.002" /><testcase classname="tests.test_endpoints.test_heat_circuit_section.TestHappyPathHeatCircuitSection" name="test_get_heat_request[False-2-2]" time="0.003" /><testcase classname="tests.test_endpoints.test_heat_circuit_section.TestHappyPathHeatCircuitSection" name="test_get_heat_request[True-3-temporary_off]" time="0.002" /><testcase classname="tests.test_endpoints.test_heat_circuit_section.TestHappyPathHeatCircuitSection" name="test_get_heat_request[False-3-3]" time="0.003" /><testcase classname="tests.test_endpoints.test_heat_circuit_section.TestHappyPathHeatCircuitSection" name="test_get_heat_request[True-4-room_off]" time="0.002" /><testcase classname="tests.test_endpoints.test_heat_circuit_section.TestHappyPathHeatCircuitSection" name="test_get_heat_request[False-4-4]" time="0.002" /><testcase classname="tests.test_endpoints.test_heat_circuit_section.TestHappyPathHeatCircuitSection" name="test_get_heat_request[True-5-outdoor_off]" time="0.002" /><testcase classname="tests.test_endpoints.test_heat_circuit_section.TestHappyPathHeatCircuitSection" name="test_get_heat_request[False-5-5]" time="0.003" /><testcase classname="tests.test_endpoints.test_heat_circuit_section.TestHappyPathHeatCircuitSection" name="test_get_heat_request[True-6-inflow_off]" time="0.002" /><testcase classname="tests.test_endpoints.test_heat_circuit_section.TestHappyPathHeatCircuitSection" name="test_get_heat_request[False-6-6]" time="0.002" /><testcase classname="tests.test_endpoints.test_heat_circuit_section.TestHappyPathHeatCircuitSection" name="test_get_cool_request[True-0-off]" time="0.002" /><testcase classname="tests.test_endpoints.test_heat_circuit_section.TestHappyPathHeatCircuitSection" name="test_get_cool_request[False-0-0]" time="0.003" /><testcase classname="tests.test_endpoints.test_heat_circuit_section.TestHappyPathHeatCircuitSection" name="test_get_cool_request[True-1-on]" time="0.003" /><testcase classname="tests.test_endpoints.test_heat_circuit_section.TestHappyPathHeatCircuitSection" name="test_get_cool_request[False-1-1]" time="0.002" /><testcase classname="tests.test_endpoints.test_heat_circuit_section.TestHappyPathHeatCircuitSection" name="test_get_cool_request[True-2-flow_off]" time="0.002" /><testcase classname="tests.test_endpoints.test_heat_circuit_section.TestHappyPathHeatCircuitSection" name="test_get_cool_request[False-2-2]" time="0.002" /><testcase classname="tests.test_endpoints.test_heat_circuit_section.TestHappyPathHeatCircuitSection" name="test_get_cool_request[True-3-temporary_off]" time="0.003" /><testcase classname="tests.test_endpoints.test_heat_circuit_section.TestHappyPathHeatCircuitSection" name="test_get_cool_request[False-3-3]" time="0.002" /><testcase classname="tests.test_endpoints.test_heat_circuit_section.TestHappyPathHeatCircuitSection" name="test_get_cool_request[True-4-room_off]" time="0.003" /><testcase classname="tests.test_endpoints.test_heat_circuit_section.TestHappyPathHeatCircuitSection" name="test_get_cool_request[False-4-4]" time="0.002" /><testcase classname="tests.test_endpoints.test_heat_circuit_section.TestHappyPathHeatCircuitSection" name="test_get_cool_request[True-5-outdoor_off]" time="0.002" /><testcase classname="tests.test_endpoints.test_heat_circuit_section.TestHappyPathHeatCircuitSection" name="test_get_cool_request[False-5-5]" time="0.003" /><testcase classname="tests.test_endpoints.test_heat_circuit_section.TestHappyPathHeatCircuitSection" name="test_get_cool_request[True-6-inflow_off]" time="0.002" /><testcase classname="tests.test_endpoints.test_heat_circuit_section.TestHappyPathHeatCircuitSection" name="test_get_cool_request[False-6-6]" time="0.002" /><testcase classname="tests.test_endpoints.test_heat_circuit_section.TestHappyPathHeatCircuitSection" name="test_get_away_start_date" time="0.002" /><testcase classname="tests.test_endpoints.test_heat_circuit_section.TestHappyPathHeatCircuitSection" name="test_set_away_start_date" time="0.002" /><testcase classname="tests.test_endpoints.test_heat_circuit_section.TestHappyPathHeatCircuitSection" name="test_get_away_end_date" time="0.002" /><testcase classname="tests.test_endpoints.test_heat_circuit_section.TestHappyPathHeatCircuitSection" name="test_set_away_end_date" time="0.002" /><testcase classname="tests.test_endpoints.test_heat_circuit_section.TestHappyPathHeatCircuitSection" name="test_get_heating_curve_offset" time="0.002" /><testcase classname="tests.test_endpoints.test_heat_circuit_section.TestHappyPathHeatCircuitSection" name="test_set_heating_curve_offset" time="
[...]
er_tank_section.TestHappyPathHotWaterTankSection" name="test_set_operating_mode[3-3]" time="0.002" /><testcase classname="tests.test_endpoints.test_hot_water_tank_section.TestHappyPathHotWaterTankSection" name="test_get_min_target_temperature" time="0.002" /><testcase classname="tests.test_endpoints.test_hot_water_tank_section.TestHappyPathHotWaterTankSection" name="test_get_max_target_temperature" time="0.002" /><testcase classname="tests.test_endpoints.test_hot_water_tank_section.TestHappyPathHotWaterTankSection" name="test_get_target_temperature" time="0.002" /><testcase classname="tests.test_endpoints.test_hot_water_tank_section.TestHappyPathHotWaterTankSection" name="test_set_target_temperature" time="0.002" /><testcase classname="tests.test_endpoints.test_hot_water_tank_section.TestHappyPathHotWaterTankSection" name="test_get_standby_temperature" time="0.002" /><testcase classname="tests.test_endpoints.test_hot_water_tank_section.TestHappyPathHotWaterTankSection" name="test_set_standby_temperature" time="0.002" /><testcase classname="tests.test_endpoints.test_hot_water_tank_section.TestHappyPathHotWaterTankSection" name="test_get_excess_energy_target_temperature" time="0.002" /><testcase classname="tests.test_endpoints.test_hot_water_tank_section.TestHappyPathHotWaterTankSection" name="test_set_excess_energy_target_temperature" time="0.002" /><testcase classname="tests.test_endpoints.test_hot_water_tank_section.TestHappyPathHotWaterTankSection" name="test_get_excess_energy_target_temperature_hysteresis" time="0.002" /><testcase classname="tests.test_endpoints.test_hot_water_tank_section.TestHappyPathHotWaterTankSection" name="test_set_excess_energy_target_temperature_hysteresis" time="0.002" /><testcase classname="tests.test_endpoints.test_hot_water_tank_section.TestHappyPathHotWaterTankSection" name="test_get_use_excess_energy[True-true-on]" time="0.003" /><testcase classname="tests.test_endpoints.test_hot_water_tank_section.TestHappyPathHotWaterTankSection" name="test_get_use_excess_energy[True-false-off]" time="0.003" /><testcase classname="tests.test_endpoints.test_hot_water_tank_section.TestHappyPathHotWaterTankSection" name="test_get_use_excess_energy[False-true-1]" time="0.003" /><testcase classname="tests.test_endpoints.test_hot_water_tank_section.TestHappyPathHotWaterTankSection" name="test_get_use_excess_energy[False-false-0]" time="0.003" /><testcase classname="tests.test_endpoints.test_hot_water_tank_section.TestHappyPathHotWaterTankSection" name="test_set_use_excess_energy[off-0]" time="0.003" /><testcase classname="tests.test_endpoints.test_hot_water_tank_section.TestHappyPathHotWaterTankSection" name="test_set_use_excess_energy[ON-1]" time="0.002" /><testcase classname="tests.test_endpoints.test_hot_water_tank_section.TestHappyPathHotWaterTankSection" name="test_set_use_excess_energy[1-1]" time="0.002" /><testcase classname="tests.test_endpoints.test_hot_water_tank_section.TestHappyPathHotWaterTankSection" name="test_set_use_excess_energy[0-0]" time="0.002" /><testcase classname="tests.test_endpoints.test_hot_water_tank_section.TestHappyPathHotWaterTankSection" name="test_set_invalid_use_excess_energy[INVALID]" time="0.001" /><testcase classname="tests.test_endpoints.test_hot_water_tank_section.TestHappyPathHotWaterTankSection" name="test_get_excess_energy_mode[True-2-cooling]" time="0.002" /><testcase classname="tests.test_endpoints.test_hot_water_tank_section.TestHappyPathHotWaterTankSection" name="test_get_excess_energy_mode[False-0-0]" time="0.003" /><testcase classname="tests.test_endpoints.test_hot_water_tank_section.TestHappyPathHotWaterTankSection" name="test_get_excess_energy_mode[False-1-1]" time="0.002" /><testcase classname="tests.test_endpoints.test_hot_water_tank_section.TestHappyPathHotWaterTankSection" name="test_get_heat_request[True-true-on]" time="0.002" /><testcase classname="tests.test_endpoints.test_hot_water_tank_section.TestHappyPathHotWaterTankSection" name="test_get_heat_request[False-1-1]" time="0.002" /><testcase classname="tests.test_endpoints.test_hot_water_tank_section.TestHappyPathHotWaterTankSection" name="test_get_heat_request[True-false-off]" time="0.002" /><testcase classname="tests.test_endpoints.test_hot_water_tank_section.TestHappyPathHotWaterTankSection" name="test_get_heat_request[False-0-0]" time="0.003" /><testcase classname="tests.test_endpoints.test_hot_water_tank_section.TestHappyPathHotWaterTankSection" name="test_has_fresh_water_module[True-true-on]" time="0.002" /><testcase classname="tests.test_endpoints.test_hot_water_tank_section.TestHappyPathHotWaterTankSection" name="test_has_fresh_water_module[False-1-1]" time="0.003" /><testcase classname="tests.test_endpoints.test_hot_water_tank_section.TestHappyPathHotWaterTankSection" name="test_has_fresh_water_module[True-false-off]" time="0.002" /><testcase classname="tests.test_endpoints.test_hot_water_tank_section.TestHappyPathHotWaterTankSection" name="test_has_fresh_water_module[False-0-0]" time="0.003" /><testcase classname="tests.test_endpoints.test_hot_water_tank_section.TestHappyPathHotWaterTankSection" name="test_get_fresh_water_flow[True-true-on]" time="0.003" /><testcase classname="tests.test_endpoints.test_hot_water_tank_section.TestHappyPathHotWaterTankSection" name="test_get_fresh_water_flow[False-1-1]" time="0.002" /><testcase classname="tests.test_endpoints.test_hot_water_tank_section.TestHappyPathHotWaterTankSection" name="test_get_fresh_water_flow[True-false-off]" time="0.002" /><testcase classname="tests.test_endpoints.test_hot_water_tank_section.TestHappyPathHotWaterTankSection" name="test_get_fresh_water_flow[False-0-0]" time="0.003" /><testcase classname="tests.test_endpoints.test_hot_water_tank_section.TestHappyPathHotWaterTankSection" name="test_get_fresh_water_module_temperature" time="0.003" /><testcase classname="tests.test_endpoints.test_hot_water_tank_section.TestHappyPathHotWaterTankSection" name="test_get_fresh_water_module_pump_speed" time="0.003" /><testcase classname="tests.test_endpoints.test_hot_water_tank_section.TestHappyPathHotWaterTankSection" name="test_get_circulation_return_temperature" time="0.002" /><testcase classname="tests.test_endpoints.test_hot_water_tank_section.TestHappyPathHotWaterTankSection" name="test_get_circulation_pump_state[True-true-on]" time="0.003" /><testcase classname="tests.test_endpoints.test_hot_water_tank_section.TestHappyPathHotWaterTankSection" name="test_get_circulation_pump_state[False-1-1]" time="0.002" /><testcase classname="tests.test_endpoints.test_hot_water_tank_section.TestHappyPathHotWaterTankSection" name="test_get_circulation_pump_state[True-false-off]" time="0.002" /><testcase classname="tests.test_endpoints.test_hot_water_tank_section.TestHappyPathHotWaterTankSection" name="test_get_circulation_pump_state[False-0-0]" time="0.003" /><testcase classname="tests.test_endpoints.test_hot_water_tank_section.TestUnhappyPathHotWaterTankSection" name="test_get_invalid_human_readable_operating_mode[True-10]" time="0.002" /><testcase classname="tests.test_endpoints.test_hot_water_tank_section.TestUnhappyPathHotWaterTankSection" name="test_set_invalid_operating_mode[INVALID]" time="0.001" /><testcase classname="tests.test_endpoints.test_passive_cooling_section.TestHappyPathPassiveCoolingSection" name="test_get_temperature" time="0.003" /><testcase classname="tests.test_endpoints.test_passive_cooling_section.TestHappyPathPassiveCoolingSection" name="test_get_switch_valve_position[True-1-open]" time="0.002" /><testcase classname="tests.test_endpoints.test_passive_cooling_section.TestHappyPathPassiveCoolingSection" name="test_get_switch_valve_position[False-0-0]" time="0.003" /><testcase classname="tests.test_endpoints.test_passive_cooling_section.TestHappyPathPassiveCoolingSection" name="test_get_switch_valve_position[True-2-closed]" time="0.002" /><testcase classname="tests.test_endpoints.test_passive_cooling_section.TestHappyPathPassiveCoolingSection" name="test_get_circulation_pump_speed" time="0.002" /><testcase classname="tests.test_endpoints.test_passive_cooling_section.TestHappyPathPassiveCoolingSection" name="test_mixer_target_temperature" time="0.002" /><testcase classname="tests.test_endpoints.test_passive_cooling_section.TestHappyPathPassiveCoolingSection" name="test_get_mixer_flow_temperature" time="0.002" /><testcase classname="tests.test_endpoints.test_passive_cooling_section.TestHappyPathPassiveCoolingSection" name="test_get_mixer_position[True--1-closed]" time="0.003" /><testcase classname="tests.test_endpoints.test_passive_cooling_section.TestHappyPathPassiveCoolingSection" name="test_get_mixer_position[False-0-0]" time="0.003" /><testcase classname="tests.test_endpoints.test_passive_cooling_section.TestHappyPathPassiveCoolingSection" name="test_get_mixer_position[True-1-open]" time="0.002" /><testcase classname="tests.test_endpoints.test_photovoltaic_section.TestHappyPathPhotovoltaicsSection" name="test_get_excess_energy_active[True-true-on]" time="0.003" /><testcase classname="tests.test_endpoints.test_photovoltaic_section.TestHappyPathPhotovoltaicsSection" name="test_get_excess_energy_active[False-1-1]" time="0.002" /><testcase classname="tests.test_endpoints.test_photovoltaic_section.TestHappyPathPhotovoltaicsSection" name="test_get_excess_energy_active[True-false-off]" time="0.004" /><testcase classname="tests.test_endpoints.test_photovoltaic_section.TestHappyPathPhotovoltaicsSection" name="test_get_excess_energy_active[False-0-0]" time="0.002" /><testcase classname="tests.test_endpoints.test_photovoltaic_section.TestHappyPathPhotovoltaicsSection" name="test_get_excess_power" time="0.002" /><testcase classname="tests.test_endpoints.test_photovoltaic_section.TestHappyPathPhotovoltaicsSection" name="test_get_daily_energy" time="0.002" /><testcase classname="tests.test_endpoints.test_photovoltaic_section.TestHappyPathPhotovoltaicsSection" name="test_get_total_energy" time="0.002" /><testcase classname="tests.test_endpoints.test_solar_circuit_section.TestHappyPathSolarCircuitSection" name="test_get_name" time="0.004" /><testcase classname="tests.test_endpoints.test_solar_circuit_section.TestHappyPathSolarCircuitSection" name="test_get_operating_mode[True-1-on]" time="0.002" /><testcase classname="tests.test_endpoints.test_solar_circuit_section.TestHappyPathSolarCircuitSection" name="test_get_operating_mode[False-0-0]" time="0.002" /><testcase classname="tests.test_endpoints.test_solar_circuit_section.TestHappyPathSolarCircuitSection" name="test_set_operating_mode[on-1]" time="0.002" /><testcase classname="tests.test_endpoints.test_solar_circuit_section.TestHappyPathSolarCircuitSection" name="test_set_operating_mode[OFF-0]" time="0.002" /><testcase classname="tests.test_endpoints.test_solar_circuit_section.TestHappyPathSolarCircuitSection" name="test_set_operating_mode[1-1]" time="0.002" /><testcase classname="tests.test_endpoints.test_solar_circuit_section.TestHappyPathSolarCircuitSection" name="test_get_priority_1_before_2[True-true-on]" time="0.003" /><testcase classname="tests.test_endpoints.test_solar_circuit_section.TestHappyPathSolarCircuitSection" name="test_get_priority_1_before_2[False-false-0]" time="0.002" /><testcase classname="tests.test_endpoints.test_solar_circuit_section.TestHappyPathSolarCircuitSection" name="test_set_priority_1_before_2[on-expected_value0]" time="0.002" /><testcase classname="tests.test_endpoints.test_solar_circuit_section.TestHappyPathSolarCircuitSection" name="test_set_priority_1_before_2[OFF-expected_value1]" time="0.002" /><testcase classname="tests.test_endpoints.test_solar_circuit_section.TestHappyPathSolarCircuitSection" name="test_set_priority_1_before_2[1-expected_value2]" time="0.002" /><testcase classname="tests.test_endpoints.test_solar_circuit_section.TestHappyPathSolarCircuitSection" name="test_source_temperature" time="0.002" /><testcase classname="tests.test_endpoints.test_solar_circuit_section.TestHappyPathSolarCircuitSection" name="test_get_pump_1_speed" time="0.002" /><testcase classname="tests.test_endpoints.test_solar_circuit_section.TestHappyPathSolarCircuitSection" name="test_get_pump_2_speed" time="0.002" /><testcase classname="tests.test_endpoints.test_solar_circuit_section.TestHappyPathSolarCircuitSection" name="test_get_current_temperature_1" time="0.002" /><testcase classname="tests.test_endpoints.test_solar_circuit_section.TestHappyPathSolarCircuitSection" name="test_get_current_temperature_2" time="0.003" /><testcase classname="tests.test_endpoints.test_solar_circuit_section.TestHappyPathSolarCircuitSection" name="test_get_target_temperature_1" time="0.002" /><testcase classname="tests.test_endpoints.test_solar_circuit_section.TestHappyPathSolarCircuitSection" name="test_set_target_temperature_1" time="0.002" /><testcase classname="tests.test_endpoints.test_solar_circuit_section.TestHappyPathSolarCircuitSection" name="test_get_target_temperature_2" time="0.002" /><testcase classname="tests.test_endpoints.test_solar_circuit_section.TestHappyPathSolarCircuitSection" name="test_set_target_temperature_2" time="0.002" /><testcase classname="tests.test_endpoints.test_solar_circuit_section.TestHappyPathSolarCircuitSection" name="test_get_heat_request_1[True-true-on]" time="0.002" /><testcase classname="tests.test_endpoints.test_solar_circuit_section.TestHappyPathSolarCircuitSection" name="test_get_heat_request_1[False-1-1]" time="0.003" /><testcase classname="tests.test_endpoints.test_solar_circuit_section.TestHappyPathSolarCircuitSection" name="test_get_heat_request_1[True-false-off]" time="0.003" /><testcase classname="tests.test_endpoints.test_solar_circuit_section.TestHappyPathSolarCircuitSection" name="test_get_heat_request_1[False-0-0]" time="0.003" /><testcase classname="tests.test_endpoints.test_solar_circuit_section.TestHappyPathSolarCircuitSection" name="test_get_heat_request_2[True-true-on]" time="0.002" /><testcase classname="tests.test_endpoints.test_solar_circuit_section.TestHappyPathSolarCircuitSection" name="test_get_heat_request_2[False-1-1]" time="0.002" /><testcase classname="tests.test_endpoints.test_solar_circuit_section.TestHappyPathSolarCircuitSection" name="test_get_heat_request_2[True-false-off]" time="0.002" /><testcase classname="tests.test_endpoints.test_solar_circuit_section.TestHappyPathSolarCircuitSection" name="test_get_heat_request_2[False-0-0]" time="0.002" /><testcase classname="tests.test_endpoints.test_solar_circuit_section.TestHappyPathSolarCircuitSection" name="test_get_heating_energy" time="0.002" /><testcase classname="tests.test_endpoints.test_solar_circuit_section.TestHappyPathSolarCircuitSection" name="test_get_daily_energy" time="0.002" /><testcase classname="tests.test_endpoints.test_solar_circuit_section.TestHappyPathSolarCircuitSection" name="test_get_actual_power" time="0.003" /><testcase classname="tests.test_endpoints.test_solar_circuit_section.TestUnhappyPathSolarCircuitSection" name="test_set_invalid_operating_mode[INVALID]" time="0.002" /><testcase classname="tests.test_endpoints.test_solar_circuit_section.TestUnhappyPathSolarCircuitSection" name="test_set_invalid_priority_1_before_2[INVALID]" time="0.002" /><testcase classname="tests.test_endpoints.test_switch_valve_section.TestHappyPathSwitchValveSection" name="test_get_position[True-1-open]" time="0.015" /><testcase classname="tests.test_endpoints.test_switch_valve_section.TestHappyPathSwitchValveSection" name="test_get_position[False-0-0]" time="0.003" /><testcase classname="tests.test_endpoints.test_switch_valve_section.TestHappyPathSwitchValveSection" name="test_get_position[True-2-closed]" time="0.003" /><testcase classname="tests.test_endpoints.test_system_section.TestHappyPathSystemSection" name="test_get_info" time="0.003" /><testcase classname="tests.test_endpoints.test_system_section.TestHappyPathSystemSection" name="test_get_hmi_info" time="0.002" /><testcase classname="tests.test_endpoints.test_system_section.TestHappyPathSystemSection" name="test_device_info" time="0.002" /><testcase classname="tests.test_endpoints.test_system_section.TestHappyPathSystemSection" name="test_get_number_of_buffer_tanks" time="0.003" /><testcase classname="tests.test_endpoints.test_system_section.TestHappyPathSystemSection" name="test_get_number_of_hot_water_tanks" time="0.003" /><testcase classname="tests.test_endpoints.test_system_section.TestHappyPathSystemSection" name="test_get_number_of_heat_pumps" time="0.003" /><testcase classname="tests.test_endpoints.test_system_section.TestHappyPathSystemSection" name="test_get_number_of_heating_circuits" time="0.002" /><testcase classname="tests.test_endpoints.test_system_section.TestHappyPathSystemSection" name="test_get_number_of_external_heat_sources" time="0.002" /><testcase classname="tests.test_endpoints.test_system_section.TestHappyPathSystemSection" name="test_get_number_of_switch_valves" time="0.002" /><testcase classname="tests.test_endpoints.test_system_section.TestHappyPathSystemSection" name="test_has_photovoltaics[True-true-on]" time="0.003" /><testcase classname="tests.test_endpoints.test_system_section.TestHappyPathSystemSection" name="test_has_photovoltaics[False-1-1]" time="0.003" /><testcase classname="tests.test_endpoints.test_system_section.TestHappyPathSystemSection" name="test_has_photovoltaics[True-false-off]" time="0.002" /><testcase classname="tests.test_endpoints.test_system_section.TestHappyPathSystemSection" name="test_has_photovoltaics[False-0-0]" time="0.003" /><testcase classname="tests.test_endpoints.test_system_section.TestHappyPathSystemSection" name="test_has_outdoor_temperature[True-true-on]" time="0.002" /><testcase classname="tests.test_endpoints.test_system_section.TestHappyPathSystemSection" name="test_has_outdoor_temperature[False-1-1]" time="0.002" /><testcase classname="tests.test_endpoints.test_system_section.TestHappyPathSystemSection" name="test_has_outdoor_temperature[True-false-off]" time="0.003" /><testcase classname="tests.test_endpoints.test_system_section.TestHappyPathSystemSection" name="test_has_outdoor_temperature[False-0-0]" time="0.002" /><testcase classname="tests.test_endpoints.test_system_section.TestHappyPathSystemSection" name="test_get_operating_mode[True-1-summer]" time="0.002" /><testcase classname="tests.test_endpoints.test_system_section.TestHappyPathSystemSection" name="test_get_operating_mode[False-2-2]" time="0.003" /><testcase classname="tests.test_endpoints.test_system_section.TestHappyPathSystemSection" name="test_set_operating_mode[summer-1]" time="0.002" /><testcase classname="tests.test_endpoints.test_system_section.TestHappyPathSystemSection" name="test_set_operating_mode[AUTO_HEAT-2]" time="0.004" /><testcase classname="tests.test_endpoints.test_system_section.TestHappyPathSystemSection" name="test_set_operating_mode[3-3]" time="0.002" /><testcase classname="tests.test_endpoints.test_system_section.TestHappyPathSystemSection" name="test_get_cpu_usage" time="0.002" /><testcase classname="tests.test_endpoints.test_system_section.TestHappyPathSystemSection" name="test_get_webview_cpu_usage" time="0.002" /><testcase classname="tests.test_endpoints.test_system_section.TestHappyPathSystemSection" name="test_get_webserver_cpu_usage" time="0.002" /><testcase classname="tests.test_endpoints.test_system_section.TestHappyPathSystemSection" name="test_get_control_cpu_usage" time="0.003" /><testcase classname="tests.test_endpoints.test_system_section.TestHappyPathSystemSection" name="test_get_ram_usage" time="0.002" /><testcase classname="tests.test_endpoints.test_system_section.TestHappyPathSystemSection" name="test_get_free_ram" time="0.002" /><testcase classname="tests.test_endpoints.test_system_section.TestHappyPathSystemSection" name="test_get_timezone" time="0.002" /><testcase classname="tests.test_endpoints.test_system_section.TestUnhappyPathSystemSection" name="test_set_invalid_operating_mode[INVALID]" time="0.002" /></testsuite></testsuites>